{"/Users/laurent/Projets/Pi-interface/ui/src/App.tsx": {"path":"/Users/laurent/Projets/Pi-interface/ui/src/App.tsx","statementMap":{"0":{"start":{"line":52,"column":6},"end":{"line":515,"column":null}},"1":{"start":{"line":53,"column":19},"end":{"line":53,"column":null}},"2":{"start":{"line":54,"column":23},"end":{"line":54,"column":null}},"3":{"start":{"line":90,"column":4},"end":{"line":91,"column":null}},"4":{"start":{"line":92,"column":22},"end":{"line":92,"column":null}},"5":{"start":{"line":93,"column":22},"end":{"line":93,"column":null}},"6":{"start":{"line":95,"column":24},"end":{"line":95,"column":null}},"7":{"start":{"line":96,"column":33},"end":{"line":96,"column":null}},"8":{"start":{"line":97,"column":33},"end":{"line":97,"column":null}},"9":{"start":{"line":98,"column":22},"end":{"line":98,"column":null}},"10":{"start":{"line":99,"column":8},"end":{"line":99,"column":null}},"11":{"start":{"line":100,"column":8},"end":{"line":100,"column":null}},"12":{"start":{"line":101,"column":8},"end":{"line":101,"column":null}},"13":{"start":{"line":103,"column":21},"end":{"line":103,"column":null}},"14":{"start":{"line":106,"column":20},"end":{"line":112,"column":null}},"15":{"start":{"line":107,"column":4},"end":{"line":111,"column":null}},"16":{"start":{"line":108,"column":6},"end":{"line":108,"column":null}},"17":{"start":{"line":110,"column":6},"end":{"line":110,"column":null}},"18":{"start":{"line":114,"column":4},"end":{"line":121,"column":null}},"19":{"start":{"line":115,"column":6},"end":{"line":119,"column":null}},"20":{"start":{"line":116,"column":8},"end":{"line":116,"column":null}},"21":{"start":{"line":120,"column":6},"end":{"line":120,"column":null}},"22":{"start":{"line":123,"column":27},"end":{"line":123,"column":null}},"23":{"start":{"line":125,"column":20},"end":{"line":125,"column":null}},"24":{"start":{"line":128,"column":43},"end":{"line":128,"column":null}},"25":{"start":{"line":129,"column":4},"end":{"line":129,"column":null}},"26":{"start":{"line":129,"column":26},"end":{"line":129,"column":null}},"27":{"start":{"line":129,"column":54},"end":{"line":129,"column":76}},"28":{"start":{"line":130,"column":4},"end":{"line":130,"column":null}},"29":{"start":{"line":133,"column":2},"end":{"line":135,"column":null}},"30":{"start":{"line":134,"column":4},"end":{"line":134,"column":null}},"31":{"start":{"line":137,"column":2},"end":{"line":175,"column":null}},"32":{"start":{"line":138,"column":17},"end":{"line":138,"column":null}},"33":{"start":{"line":141,"column":4},"end":{"line":141,"column":null}},"34":{"start":{"line":141,"column":15},"end":{"line":141,"column":null}},"35":{"start":{"line":142,"column":17},"end":{"line":142,"column":null}},"36":{"start":{"line":143,"column":19},"end":{"line":143,"column":null}},"37":{"start":{"line":145,"column":4},"end":{"line":151,"column":null}},"38":{"start":{"line":146,"column":6},"end":{"line":146,"column":null}},"39":{"start":{"line":147,"column":6},"end":{"line":147,"column":null}},"40":{"start":{"line":148,"column":6},"end":{"line":148,"column":null}},"41":{"start":{"line":148,"column":34},"end":{"line":148,"column":97}},"42":{"start":{"line":148,"column":65},"end":{"line":148,"column":96}},"43":{"start":{"line":149,"column":6},"end":{"line":149,"column":null}},"44":{"start":{"line":150,"column":6},"end":{"line":150,"column":null}},"45":{"start":{"line":152,"column":4},"end":{"line":152,"column":null}},"46":{"start":{"line":152,"column":50},"end":{"line":152,"column":null}},"47":{"start":{"line":154,"column":20},"end":{"line":154,"column":null}},"48":{"start":{"line":156,"column":12},"end":{"line":162,"column":null}},"49":{"start":{"line":163,"column":6},"end":{"line":163,"column":null}},"50":{"start":{"line":163,"column":125},"end":{"line":163,"column":null}},"51":{"start":{"line":164,"column":6},"end":{"line":167,"column":null}},"52":{"start":{"line":165,"column":8},"end":{"line":165,"column":null}},"53":{"start":{"line":166,"column":8},"end":{"line":166,"column":null}},"54":{"start":{"line":168,"column":6},"end":{"line":168,"column":null}},"55":{"start":{"line":169,"column":6},"end":{"line":169,"column":null}},"56":{"start":{"line":169,"column":22},"end":{"line":169,"column":75}},"57":{"start":{"line":171,"column":4},"end":{"line":171,"column":null}},"58":{"start":{"line":172,"column":4},"end":{"line":174,"column":null}},"59":{"start":{"line":173,"column":6},"end":{"line":173,"column":null}},"60":{"start":{"line":178,"column":4},"end":{"line":178,"column":null}},"61":{"start":{"line":179,"column":4},"end":{"line":179,"column":null}},"62":{"start":{"line":180,"column":4},"end":{"line":180,"column":null}},"63":{"start":{"line":183,"column":8},"end":{"line":189,"column":null}},"64":{"start":{"line":184,"column":10},"end":{"line":187,"column":null}},"65":{"start":{"line":185,"column":44},"end":{"line":185,"column":70}},"66":{"start":{"line":185,"column":92},"end":{"line":185,"column":107}},"67":{"start":{"line":193,"column":18},"end":{"line":193,"column":null}},"68":{"start":{"line":193,"column":67},"end":{"line":193,"column":121}},"69":{"start":{"line":195,"column":4},"end":{"line":197,"column":null}},"70":{"start":{"line":195,"column":20},"end":{"line":195,"column":null}},"71":{"start":{"line":197,"column":9},"end":{"line":197,"column":null}},"72":{"start":{"line":197,"column":44},"end":{"line":197,"column":null}},"73":{"start":{"line":197,"column":60},"end":{"line":197,"column":104}},"74":{"start":{"line":201,"column":23},"end":{"line":201,"column":null}},"75":{"start":{"line":202,"column":4},"end":{"line":205,"column":null}},"76":{"start":{"line":203,"column":6},"end":{"line":203,"column":null}},"77":{"start":{"line":204,"column":6},"end":{"line":204,"column":null}},"78":{"start":{"line":206,"column":4},"end":{"line":206,"column":null}},"79":{"start":{"line":206,"column":20},"end":{"line":206,"column":64}},"80":{"start":{"line":210,"column":4},"end":{"line":210,"column":null}},"81":{"start":{"line":211,"column":4},"end":{"line":211,"column":null}},"82":{"start":{"line":212,"column":4},"end":{"line":212,"column":null}},"83":{"start":{"line":213,"column":4},"end":{"line":213,"column":null}},"84":{"start":{"line":216,"column":4},"end":{"line":216,"column":null}},"85":{"start":{"line":216,"column":22},"end":{"line":216,"column":null}},"86":{"start":{"line":220,"column":4},"end":{"line":220,"column":null}},"87":{"start":{"line":221,"column":4},"end":{"line":221,"column":null}},"88":{"start":{"line":222,"column":4},"end":{"line":222,"column":null}},"89":{"start":{"line":222,"column":41},"end":{"line":222,"column":null}},"90":{"start":{"line":224,"column":38},"end":{"line":228,"column":null}},"91":{"start":{"line":229,"column":2},"end":{"line":229,"column":null}},"92":{"start":{"line":229,"column":34},"end":{"line":229,"column":49}},"93":{"start":{"line":230,"column":8},"end":{"line":230,"column":null}},"94":{"start":{"line":231,"column":8},"end":{"line":231,"column":null}},"95":{"start":{"line":232,"column":8},"end":{"line":232,"column":null}},"96":{"start":{"line":237,"column":17},"end":{"line":237,"column":null}},"97":{"start":{"line":238,"column":4},"end":{"line":238,"column":null}},"98":{"start":{"line":238,"column":15},"end":{"line":238,"column":null}},"99":{"start":{"line":239,"column":4},"end":{"line":239,"column":null}},"100":{"start":{"line":242,"column":2},"end":{"line":246,"column":null}},"101":{"start":{"line":243,"column":4},"end":{"line":245,"column":null}},"102":{"start":{"line":244,"column":6},"end":{"line":244,"column":null}},"103":{"start":{"line":248,"column":2},"end":{"line":255,"column":null}},"104":{"start":{"line":251,"column":4},"end":{"line":251,"column":null}},"105":{"start":{"line":251,"column":19},"end":{"line":251,"column":null}},"106":{"start":{"line":252,"column":4},"end":{"line":254,"column":null}},"107":{"start":{"line":253,"column":6},"end":{"line":253,"column":null}},"108":{"start":{"line":257,"column":2},"end":{"line":263,"column":null}},"109":{"start":{"line":258,"column":4},"end":{"line":261,"column":null}},"110":{"start":{"line":267,"column":2},"end":{"line":279,"column":null}},"111":{"start":{"line":268,"column":4},"end":{"line":277,"column":null}},"112":{"start":{"line":281,"column":2},"end":{"line":513,"column":null}},"113":{"start":{"line":286,"column":10},"end":{"line":286,"column":null}},"114":{"start":{"line":286,"column":54},"end":{"line":286,"column":null}},"115":{"start":{"line":286,"column":74},"end":{"line":286,"column":79}},"116":{"start":{"line":288,"column":27},"end":{"line":288,"column":null}},"117":{"start":{"line":288,"column":47},"end":{"line":288,"column":65}},"118":{"start":{"line":289,"column":27},"end":{"line":289,"column":null}},"119":{"start":{"line":309,"column":14},"end":{"line":309,"column":null}},"120":{"start":{"line":310,"column":14},"end":{"line":310,"column":null}},"121":{"start":{"line":313,"column":14},"end":{"line":313,"column":null}},"122":{"start":{"line":314,"column":14},"end":{"line":314,"column":null}},"123":{"start":{"line":333,"column":35},"end":{"line":333,"column":null}},"124":{"start":{"line":394,"column":28},"end":{"line":394,"column":null}},"125":{"start":{"line":395,"column":16},"end":{"line":414,"column":null}},"126":{"start":{"line":396,"column":38},"end":{"line":396,"column":null}},"127":{"start":{"line":397,"column":18},"end":{"line":412,"column":null}},"128":{"start":{"line":415,"column":16},"end":{"line":418,"column":null}},"129":{"start":{"line":416,"column":18},"end":{"line":416,"column":null}},"130":{"start":{"line":416,"column":33},"end":{"line":416,"column":null}},"131":{"start":{"line":417,"column":18},"end":{"line":417,"column":null}},"132":{"start":{"line":419,"column":16},"end":{"line":421,"column":null}},"133":{"start":{"line":420,"column":18},"end":{"line":420,"column":null}},"134":{"start":{"line":423,"column":16},"end":{"line":423,"column":null}},"135":{"start":{"line":423,"column":68},"end":{"line":423,"column":null}},"136":{"start":{"line":424,"column":16},"end":{"line":434,"column":null}},"137":{"start":{"line":431,"column":22},"end":{"line":431,"column":null}},"138":{"start":{"line":432,"column":22},"end":{"line":432,"column":null}},"139":{"start":{"line":441,"column":20},"end":{"line":441,"column":null}},"140":{"start":{"line":444,"column":20},"end":{"line":444,"column":null}},"141":{"start":{"line":450,"column":16},"end":{"line":455,"column":null}},"142":{"start":{"line":463,"column":16},"end":{"line":468,"column":null}},"143":{"start":{"line":485,"column":37},"end":{"line":485,"column":null}}},"fnMap":{"0":{"name":"App","decl":{"start":{"line":52,"column":53},"end":{"line":52,"column":57}},"loc":{"start":{"line":52,"column":116},"end":{"line":515,"column":1}},"line":52},"1":{"name":"(anonymous_1)","decl":{"start":{"line":106,"column":36},"end":{"line":106,"column":51}},"loc":{"start":{"line":106,"column":51},"end":{"line":112,"column":3}},"line":106},"2":{"name":"toggleHideTools","decl":{"start":{"line":113,"column":11},"end":{"line":113,"column":29}},"loc":{"start":{"line":113,"column":29},"end":{"line":122,"column":null}},"line":113},"3":{"name":"(anonymous_3)","decl":{"start":{"line":114,"column":4},"end":{"line":114,"column":18}},"loc":{"start":{"line":114,"column":30},"end":{"line":121,"column":5}},"line":114},"4":{"name":"attachFiles","decl":{"start":{"line":127,"column":17},"end":{"line":127,"column":29}},"loc":{"start":{"line":127,"column":52},"end":{"line":131,"column":null}},"line":127},"5":{"name":"(anonymous_5)","decl":{"start":{"line":129,"column":26},"end":{"line":129,"column":42}},"loc":{"start":{"line":129,"column":54},"end":{"line":129,"column":76}},"line":129},"6":{"name":"(anonymous_6)","decl":{"start":{"line":133,"column":2},"end":{"line":133,"column":18}},"loc":{"start":{"line":133,"column":18},"end":{"line":135,"column":5}},"line":133},"7":{"name":"(anonymous_7)","decl":{"start":{"line":137,"column":2},"end":{"line":137,"column":18}},"loc":{"start":{"line":137,"column":18},"end":{"line":175,"column":5}},"line":137},"8":{"name":"(anonymous_8)","decl":{"start":{"line":148,"column":6},"end":{"line":148,"column":22}},"loc":{"start":{"line":148,"column":34},"end":{"line":148,"column":97}},"line":148},"9":{"name":"(anonymous_9)","decl":{"start":{"line":148,"column":42},"end":{"line":148,"column":50}},"loc":{"start":{"line":148,"column":65},"end":{"line":148,"column":96}},"line":148},"10":{"name":"attachPreview","decl":{"start":{"line":155,"column":19},"end":{"line":155,"column":35}},"loc":{"start":{"line":155,"column":35},"end":{"line":170,"column":null}},"line":155},"11":{"name":"(anonymous_11)","decl":{"start":{"line":169,"column":6},"end":{"line":169,"column":22}},"loc":{"start":{"line":169,"column":22},"end":{"line":169,"column":75}},"line":169},"12":{"name":"(anonymous_12)","decl":{"start":{"line":172,"column":4},"end":{"line":172,"column":17}},"loc":{"start":{"line":172,"column":17},"end":{"line":174,"column":null}},"line":172},"13":{"name":"closePreview","decl":{"start":{"line":177,"column":11},"end":{"line":177,"column":26}},"loc":{"start":{"line":177,"column":26},"end":{"line":181,"column":null}},"line":177},"14":{"name":"(anonymous_14)","decl":{"start":{"line":183,"column":24},"end":{"line":183,"column":null}},"loc":{"start":{"line":184,"column":10},"end":{"line":187,"column":null}},"line":184},"15":{"name":"(anonymous_15)","decl":{"start":{"line":185,"column":21},"end":{"line":185,"column":29}},"loc":{"start":{"line":185,"column":44},"end":{"line":185,"column":70}},"line":185},"16":{"name":"(anonymous_16)","decl":{"start":{"line":185,"column":72},"end":{"line":185,"column":77}},"loc":{"start":{"line":185,"column":92},"end":{"line":185,"column":107}},"line":185},"17":{"name":"toggleAttachPath","decl":{"start":{"line":192,"column":11},"end":{"line":192,"column":28}},"loc":{"start":{"line":192,"column":42},"end":{"line":198,"column":null}},"line":192},"18":{"name":"(anonymous_18)","decl":{"start":{"line":193,"column":41},"end":{"line":193,"column":52}},"loc":{"start":{"line":193,"column":67},"end":{"line":193,"column":121}},"line":193},"19":{"name":"(anonymous_19)","decl":{"start":{"line":197,"column":44},"end":{"line":197,"column":60}},"loc":{"start":{"line":197,"column":60},"end":{"line":197,"column":104}},"line":197},"20":{"name":"handleRemoveAttachment","decl":{"start":{"line":200,"column":11},"end":{"line":200,"column":34}},"loc":{"start":{"line":200,"column":49},"end":{"line":207,"column":null}},"line":200},"21":{"name":"(anonymous_21)","decl":{"start":{"line":206,"column":4},"end":{"line":206,"column":20}},"loc":{"start":{"line":206,"column":20},"end":{"line":206,"column":64}},"line":206},"22":{"name":"sendPrompt","decl":{"start":{"line":209,"column":11},"end":{"line":209,"column":22}},"loc":{"start":{"line":209,"column":58},"end":{"line":217,"column":null}},"line":209},"23":{"name":"handleDrop","decl":{"start":{"line":219,"column":11},"end":{"line":219,"column":22}},"loc":{"start":{"line":219,"column":42},"end":{"line":223,"column":null}},"line":219},"24":{"name":"(anonymous_24)","decl":{"start":{"line":229,"column":22},"end":{"line":229,"column":34}},"loc":{"start":{"line":229,"column":34},"end":{"line":229,"column":49}},"line":229},"25":{"name":"handleScroll","decl":{"start":{"line":236,"column":11},"end":{"line":236,"column":26}},"loc":{"start":{"line":236,"column":26},"end":{"line":240,"column":null}},"line":236},"26":{"name":"(anonymous_26)","decl":{"start":{"line":242,"column":2},"end":{"line":242,"column":18}},"loc":{"start":{"line":242,"column":18},"end":{"line":246,"column":5}},"line":242},"27":{"name":"(anonymous_27)","decl":{"start":{"line":248,"column":2},"end":{"line":248,"column":18}},"loc":{"start":{"line":248,"column":18},"end":{"line":255,"column":5}},"line":248},"28":{"name":"(anonymous_28)","decl":{"start":{"line":285,"column":8},"end":{"line":285,"column":22}},"loc":{"start":{"line":285,"column":28},"end":{"line":287,"column":null}},"line":285},"29":{"name":"(anonymous_29)","decl":{"start":{"line":286,"column":54},"end":{"line":286,"column":68}},"loc":{"start":{"line":286,"column":74},"end":{"line":286,"column":79}},"line":286},"30":{"name":"(anonymous_30)","decl":{"start":{"line":288,"column":8},"end":{"line":288,"column":27}},"loc":{"start":{"line":288,"column":27},"end":{"line":288,"column":null}},"line":288},"31":{"name":"(anonymous_31)","decl":{"start":{"line":288,"column":27},"end":{"line":288,"column":41}},"loc":{"start":{"line":288,"column":47},"end":{"line":288,"column":65}},"line":288},"32":{"name":"(anonymous_32)","decl":{"start":{"line":289,"column":8},"end":{"line":289,"column":21}},"loc":{"start":{"line":289,"column":27},"end":{"line":289,"column":null}},"line":289},"33":{"name":"(anonymous_33)","decl":{"start":{"line":308,"column":12},"end":{"line":308,"column":27}},"loc":{"start":{"line":308,"column":36},"end":{"line":311,"column":null}},"line":308},"34":{"name":"(anonymous_34)","decl":{"start":{"line":312,"column":12},"end":{"line":312,"column":27}},"loc":{"start":{"line":312,"column":36},"end":{"line":315,"column":null}},"line":312},"35":{"name":"(anonymous_35)","decl":{"start":{"line":333,"column":12},"end":{"line":333,"column":35}},"loc":{"start":{"line":333,"column":35},"end":{"line":333,"column":null}},"line":333},"36":{"name":"(anonymous_36)","decl":{"start":{"line":391,"column":27},"end":{"line":391,"column":32}},"loc":{"start":{"line":391,"column":44},"end":{"line":436,"column":15}},"line":391},"37":{"name":"(anonymous_37)","decl":{"start":{"line":430,"column":20},"end":{"line":430,"column":33}},"loc":{"start":{"line":430,"column":42},"end":{"line":433,"column":null}},"line":430},"38":{"name":"(anonymous_38)","decl":{"start":{"line":440,"column":40},"end":{"line":440,"column":45}},"loc":{"start":{"line":441,"column":20},"end":{"line":441,"column":null}},"line":441},"39":{"name":"(anonymous_39)","decl":{"start":{"line":443,"column":40},"end":{"line":443,"column":45}},"loc":{"start":{"line":444,"column":20},"end":{"line":444,"column":null}},"line":444},"40":{"name":"(anonymous_40)","decl":{"start":{"line":449,"column":32},"end":{"line":449,"column":37}},"loc":{"start":{"line":450,"column":16},"end":{"line":455,"column":null}},"line":450},"41":{"name":"(anonymous_41)","decl":{"start":{"line":462,"column":28},"end":{"line":462,"column":33}},"loc":{"start":{"line":463,"column":16},"end":{"line":468,"column":null}},"line":463},"42":{"name":"(anonymous_42)","decl":{"start":{"line":485,"column":16},"end":{"line":485,"column":27}},"loc":{"start":{"line":485,"column":37},"end":{"line":485,"column":null}},"line":485}},"branchMap":{"0":{"loc":{"start":{"line":52,"column":59},"end":{"line":52,"column":75}},"type":"default-arg","locations":[{"start":{"line":52,"column":71},"end":{"line":52,"column":75}}],"line":52},"1":{"loc":{"start":{"line":54,"column":23},"end":{"line":54,"column":null}},"type":"binary-expr","locations":[{"start":{"line":54,"column":23},"end":{"line":54,"column":38}},{"start":{"line":54,"column":38},"end":{"line":54,"column":null}}],"line":54},"2":{"loc":{"start":{"line":116,"column":54},"end":{"line":116,"column":73}},"type":"cond-expr","locations":[{"start":{"line":116,"column":64},"end":{"line":116,"column":70}},{"start":{"line":116,"column":70},"end":{"line":116,"column":73}}],"line":116},"3":{"loc":{"start":{"line":129,"column":4},"end":{"line":129,"column":null}},"type":"if","locations":[{"start":{"line":129,"column":4},"end":{"line":129,"column":null}},{"start":{},"end":{}}],"line":129},"4":{"loc":{"start":{"line":141,"column":4},"end":{"line":141,"column":null}},"type":"if","locations":[{"start":{"line":141,"column":4},"end":{"line":141,"column":null}},{"start":{},"end":{}}],"line":141},"5":{"loc":{"start":{"line":145,"column":4},"end":{"line":151,"column":null}},"type":"if","locations":[{"start":{"line":145,"column":4},"end":{"line":151,"column":null}},{"start":{},"end":{}}],"line":145},"6":{"loc":{"start":{"line":152,"column":4},"end":{"line":152,"column":null}},"type":"if","locations":[{"start":{"line":152,"column":4},"end":{"line":152,"column":null}},{"start":{},"end":{}}],"line":152},"7":{"loc":{"start":{"line":156,"column":12},"end":{"line":162,"column":null}},"type":"cond-expr","locations":[{"start":{"line":157,"column":10},"end":{"line":159,"column":null}},{"start":{"line":160,"column":10},"end":{"line":162,"column":null}}],"line":156},"8":{"loc":{"start":{"line":157,"column":10},"end":{"line":159,"column":null}},"type":"cond-expr","locations":[{"start":{"line":158,"column":12},"end":{"line":158,"column":null}},{"start":{"line":159,"column":12},"end":{"line":159,"column":null}}],"line":157},"9":{"loc":{"start":{"line":160,"column":10},"end":{"line":162,"column":null}},"type":"cond-expr","locations":[{"start":{"line":160,"column":10},"end":{"line":161,"column":null}},{"start":{"line":162,"column":12},"end":{"line":162,"column":null}}],"line":160},"10":{"loc":{"start":{"line":163,"column":6},"end":{"line":163,"column":null}},"type":"if","locations":[{"start":{"line":163,"column":6},"end":{"line":163,"column":null}},{"start":{},"end":{}}],"line":163},"11":{"loc":{"start":{"line":163,"column":10},"end":{"line":163,"column":125}},"type":"binary-expr","locations":[{"start":{"line":163,"column":10},"end":{"line":163,"column":23}},{"start":{"line":163,"column":23},"end":{"line":163,"column":42}},{"start":{"line":163,"column":42},"end":{"line":163,"column":83}},{"start":{"line":163,"column":83},"end":{"line":163,"column":125}}],"line":163},"12":{"loc":{"start":{"line":164,"column":6},"end":{"line":167,"column":null}},"type":"if","locations":[{"start":{"line":164,"column":6},"end":{"line":167,"column":null}},{"start":{},"end":{}}],"line":164},"13":{"loc":{"start":{"line":193,"column":67},"end":{"line":193,"column":121}},"type":"binary-expr","locations":[{"start":{"line":193,"column":67},"end":{"line":193,"column":97}},{"start":{"line":193,"column":97},"end":{"line":193,"column":121}}],"line":193},"14":{"loc":{"start":{"line":195,"column":4},"end":{"line":197,"column":null}},"type":"if","locations":[{"start":{"line":195,"column":4},"end":{"line":197,"column":null}},{"start":{"line":197,"column":9},"end":{"line":197,"column":null}}],"line":195},"15":{"loc":{"start":{"line":197,"column":9},"end":{"line":197,"column":null}},"type":"if","locations":[{"start":{"line":197,"column":9},"end":{"line":197,"column":null}},{"start":{},"end":{}}],"line":197},"16":{"loc":{"start":{"line":202,"column":4},"end":{"line":205,"column":null}},"type":"if","locations":[{"start":{"line":202,"column":4},"end":{"line":205,"column":null}},{"start":{},"end":{}}],"line":202},"17":{"loc":{"start":{"line":203,"column":40},"end":{"line":203,"column":null}},"type":"binary-expr","locations":[{"start":{"line":203,"column":40},"end":{"line":203,"column":66}},{"start":{"line":203,"column":66},"end":{"line":203,"column":null}}],"line":203},"18":{"loc":{"start":{"line":216,"column":4},"end":{"line":216,"column":null}},"type":"if","locations":[{"start":{"line":216,"column":4},"end":{"line":216,"column":null}},{"start":{},"end":{}}],"line":216},"19":{"loc":{"start":{"line":222,"column":4},"end":{"line":222,"column":null}},"type":"if","locations":[{"start":{"line":222,"column":4},"end":{"line":222,"column":null}},{"start":{},"end":{}}],"line":222},"20":{"loc":{"start":{"line":225,"column":4},"end":{"line":225,"column":null}},"type":"binary-expr","locations":[{"start":{"line":225,"column":4},"end":{"line":225,"column":20}},{"start":{"line":225,"column":20},"end":{"line":225,"column":51}},{"start":{"line":225,"column":51},"end":{"line":225,"column":null}}],"line":225},"21":{"loc":{"start":{"line":238,"column":4},"end":{"line":238,"column":null}},"type":"if","locations":[{"start":{"line":238,"column":4},"end":{"line":238,"column":null}},{"start":{},"end":{}}],"line":238},"22":{"loc":{"start":{"line":243,"column":4},"end":{"line":245,"column":null}},"type":"if","locations":[{"start":{"line":243,"column":4},"end":{"line":245,"column":null}},{"start":{},"end":{}}],"line":243},"23":{"loc":{"start":{"line":251,"column":4},"end":{"line":251,"column":null}},"type":"if","locations":[{"start":{"line":251,"column":4},"end":{"line":251,"column":null}},{"start":{},"end":{}}],"line":251},"24":{"loc":{"start":{"line":251,"column":36},"end":{"line":251,"column":null}},"type":"binary-expr","locations":[{"start":{"line":251,"column":36},"end":{"line":251,"column":60}},{"start":{"line":251,"column":60},"end":{"line":251,"column":84}},{"start":{"line":251,"column":84},"end":{"line":251,"column":null}}],"line":251},"25":{"loc":{"start":{"line":252,"column":4},"end":{"line":254,"column":null}},"type":"if","locations":[{"start":{"line":252,"column":4},"end":{"line":254,"column":null}},{"start":{},"end":{}}],"line":252},"26":{"loc":{"start":{"line":257,"column":2},"end":{"line":263,"column":null}},"type":"if","locations":[{"start":{"line":257,"column":2},"end":{"line":263,"column":null}},{"start":{},"end":{}}],"line":257},"27":{"loc":{"start":{"line":267,"column":2},"end":{"line":279,"column":null}},"type":"if","locations":[{"start":{"line":267,"column":2},"end":{"line":279,"column":null}},{"start":{},"end":{}}],"line":267},"28":{"loc":{"start":{"line":267,"column":6},"end":{"line":267,"column":59}},"type":"binary-expr","locations":[{"start":{"line":267,"column":6},"end":{"line":267,"column":27}},{"start":{"line":267,"column":27},"end":{"line":267,"column":59}}],"line":267},"29":{"loc":{"start":{"line":286,"column":10},"end":{"line":286,"column":null}},"type":"if","locations":[{"start":{"line":286,"column":10},"end":{"line":286,"column":null}},{"start":{},"end":{}}],"line":286},"30":{"loc":{"start":{"line":292,"column":9},"end":{"line":298,"column":null}},"type":"binary-expr","locations":[{"start":{"line":292,"column":9},"end":{"line":292,"column":null}},{"start":{"line":294,"column":10},"end":{"line":298,"column":null}}],"line":292},"31":{"loc":{"start":{"line":300,"column":9},"end":{"line":317,"column":null}},"type":"binary-expr","locations":[{"start":{"line":300,"column":9},"end":{"line":300,"column":null}},{"start":{"line":301,"column":10},"end":{"line":317,"column":null}}],"line":300},"32":{"loc":{"start":{"line":361,"column":11},"end":{"line":380,"column":null}},"type":"binary-expr","locations":[{"start":{"line":361,"column":11},"end":{"line":361,"column":null}},{"start":{"line":362,"column":12},"end":{"line":380,"column":null}}],"line":361},"33":{"loc":{"start":{"line":382,"column":11},"end":{"line":382,"column":null}},"type":"binary-expr","locations":[{"start":{"line":382,"column":11},"end":{"line":382,"column":28}},{"start":{"line":382,"column":28},"end":{"line":382,"column":null}}],"line":382},"34":{"loc":{"start":{"line":385,"column":15},"end":{"line":389,"column":null}},"type":"binary-expr","locations":[{"start":{"line":385,"column":15},"end":{"line":385,"column":null}},{"start":{"line":386,"column":16},"end":{"line":389,"column":null}}],"line":385},"35":{"loc":{"start":{"line":387,"column":50},"end":{"line":387,"column":83}},"type":"binary-expr","locations":[{"start":{"line":387,"column":50},"end":{"line":387,"column":74}},{"start":{"line":387,"column":74},"end":{"line":387,"column":83}}],"line":387},"36":{"loc":{"start":{"line":388,"column":42},"end":{"line":388,"column":108}},"type":"binary-expr","locations":[{"start":{"line":388,"column":42},"end":{"line":388,"column":68}},{"start":{"line":388,"column":68},"end":{"line":388,"column":108}}],"line":388},"37":{"loc":{"start":{"line":395,"column":16},"end":{"line":414,"column":null}},"type":"if","locations":[{"start":{"line":395,"column":16},"end":{"line":414,"column":null}},{"start":{},"end":{}}],"line":395},"38":{"loc":{"start":{"line":396,"column":38},"end":{"line":396,"column":null}},"type":"binary-expr","locations":[{"start":{"line":396,"column":38},"end":{"line":396,"column":70}},{"start":{"line":396,"column":70},"end":{"line":396,"column":null}}],"line":396},"39":{"loc":{"start":{"line":401,"column":33},"end":{"line":401,"column":null}},"type":"binary-expr","locations":[{"start":{"line":401,"column":33},"end":{"line":401,"column":55}},{"start":{"line":401,"column":55},"end":{"line":401,"column":null}}],"line":401},"40":{"loc":{"start":{"line":404,"column":23},"end":{"line":412,"column":null}},"type":"binary-expr","locations":[{"start":{"line":404,"column":23},"end":{"line":404,"column":null}},{"start":{"line":405,"column":24},"end":{"line":412,"column":null}}],"line":404},"41":{"loc":{"start":{"line":415,"column":16},"end":{"line":418,"column":null}},"type":"if","locations":[{"start":{"line":415,"column":16},"end":{"line":418,"column":null}},{"start":{},"end":{}}],"line":415},"42":{"loc":{"start":{"line":416,"column":18},"end":{"line":416,"column":null}},"type":"if","locations":[{"start":{"line":416,"column":18},"end":{"line":416,"column":null}},{"start":{},"end":{}}],"line":416},"43":{"loc":{"start":{"line":417,"column":40},"end":{"line":417,"column":111}},"type":"cond-expr","locations":[{"start":{"line":417,"column":58},"end":{"line":417,"column":100}},{"start":{"line":417,"column":100},"end":{"line":417,"column":111}}],"line":417},"44":{"loc":{"start":{"line":419,"column":16},"end":{"line":421,"column":null}},"type":"if","locations":[{"start":{"line":419,"column":16},"end":{"line":421,"column":null}},{"start":{},"end":{}}],"line":419},"45":{"loc":{"start":{"line":423,"column":16},"end":{"line":423,"column":null}},"type":"if","locations":[{"start":{"line":423,"column":16},"end":{"line":423,"column":null}},{"start":{},"end":{}}],"line":423},"46":{"loc":{"start":{"line":423,"column":20},"end":{"line":423,"column":68}},"type":"binary-expr","locations":[{"start":{"line":423,"column":20},"end":{"line":423,"column":48}},{"start":{"line":423,"column":48},"end":{"line":423,"column":68}}],"line":423},"47":{"loc":{"start":{"line":438,"column":16},"end":{"line":446,"column":null}},"type":"binary-expr","locations":[{"start":{"line":438,"column":16},"end":{"line":438,"column":51}},{"start":{"line":438,"column":51},"end":{"line":438,"column":null}},{"start":{"line":439,"column":16},"end":{"line":446,"column":null}}],"line":438},"48":{"loc":{"start":{"line":457,"column":15},"end":{"line":460,"column":null}},"type":"binary-expr","locations":[{"start":{"line":457,"column":15},"end":{"line":457,"column":null}},{"start":{"line":458,"column":16},"end":{"line":460,"column":null}}],"line":457},"49":{"loc":{"start":{"line":511,"column":7},"end":{"line":511,"column":null}},"type":"binary-expr","locations":[{"start":{"line":511,"column":7},"end":{"line":511,"column":31}},{"start":{"line":511,"column":31},"end":{"line":511,"column":null}}],"line":511}},"s":{"0":1,"1":2,"2":2,"3":2,"4":2,"5":2,"6":2,"7":2,"8":2,"9":2,"10":2,"11":2,"12":2,"13":2,"14":2,"15":2,"16":2,"17":0,"18":0,"19":0,"20":0,"21":0,"22":2,"23":2,"24":0,"25":0,"26":0,"27":0,"28":0,"29":2,"30":2,"31":2,"32":2,"33":2,"34":2,"35":0,"36":0,"37":0,"38":0,"39":0,"40":0,"41":0,"42":0,"43":0,"44":0,"45":0,"46":0,"47":0,"48":0,"49":0,"50":0,"51":0,"52":0,"53":0,"54":0,"55":0,"56":0,"57":0,"58":0,"59":0,"60":0,"61":0,"62":0,"63":2,"64":2,"65":0,"66":0,"67":0,"68":0,"69":0,"70":0,"71":0,"72":0,"73":0,"74":0,"75":0,"76":0,"77":0,"78":0,"79":0,"80":0,"81":0,"82":0,"83":0,"84":0,"85":0,"86":0,"87":0,"88":0,"89":0,"90":2,"91":2,"92":0,"93":2,"94":2,"95":2,"96":0,"97":0,"98":0,"99":0,"100":2,"101":2,"102":2,"103":2,"104":2,"105":2,"106":2,"107":0,"108":2,"109":1,"110":1,"111":1,"112":0,"113":0,"114":0,"115":0,"116":0,"117":0,"118":0,"119":0,"120":0,"121":0,"122":0,"123":0,"124":0,"125":0,"126":0,"127":0,"128":0,"129":0,"130":0,"131":0,"132":0,"133":0,"134":0,"135":0,"136":0,"137":0,"138":0,"139":0,"140":0,"141":0,"142":0,"143":0},"f":{"0":2,"1":2,"2":0,"3":0,"4":0,"5":0,"6":2,"7":2,"8":0,"9":0,"10":0,"11":0,"12":0,"13":0,"14":2,"15":0,"16":0,"17":0,"18":0,"19":0,"20":0,"21":0,"22":0,"23":0,"24":0,"25":0,"26":2,"27":2,"28":0,"29":0,"30":0,"31":0,"32":0,"33":0,"34":0,"35":0,"36":0,"37":0,"38":0,"39":0,"40":0,"41":0,"42":0},"b":{"0":[2],"1":[2,2],"2":[0,0],"3":[0,0],"4":[2,0],"5":[0,0],"6":[0,0],"7":[0,0],"8":[0,0],"9":[0,0],"10":[0,0],"11":[0,0,0,0],"12":[0,0],"13":[0,0],"14":[0,0],"15":[0,0],"16":[0,0],"17":[0,0],"18":[0,0],"19":[0,0],"20":[2,2,2],"21":[0,0],"22":[2,0],"23":[2,0],"24":[2,2,0],"25":[0,2],"26":[1,1],"27":[1,0],"28":[1,1],"29":[0,0],"30":[0,0],"31":[2,0],"32":[2,0],"33":[2,0],"34":[2,0],"35":[0,0],"36":[0,0],"37":[0,0],"38":[0,0],"39":[0,0],"40":[0,0],"41":[0,0],"42":[0,0],"43":[0,0],"44":[0,0],"45":[0,0],"46":[0,0],"47":[2,0,0],"48":[2,0],"49":[2,0]},"meta":{"lastBranch":50,"lastFunction":43,"lastStatement":144,"seen":{"s:52:6:515:Infinity":0,"f:52:53:52:57":0,"b:52:71:52:75":0,"s:53:19:53:Infinity":1,"s:54:23:54:Infinity":2,"b:54:23:54:38:54:38:54:Infinity":1,"s:90:4:91:Infinity":3,"s:92:22:92:Infinity":4,"s:93:22:93:Infinity":5,"s:95:24:95:Infinity":6,"s:96:33:96:Infinity":7,"s:97:33:97:Infinity":8,"s:98:22:98:Infinity":9,"s:99:8:99:Infinity":10,"s:100:8:100:Infinity":11,"s:101:8:101:Infinity":12,"s:103:21:103:Infinity":13,"s:106:20:112:Infinity":14,"f:106:36:106:51":1,"s:107:4:111:Infinity":15,"s:108:6:108:Infinity":16,"s:110:6:110:Infinity":17,"f:113:11:113:29":2,"s:114:4:121:Infinity":18,"f:114:4:114:18":3,"s:115:6:119:Infinity":19,"s:116:8:116:Infinity":20,"b:116:64:116:70:116:70:116:73":2,"s:120:6:120:Infinity":21,"s:123:27:123:Infinity":22,"s:125:20:125:Infinity":23,"f:127:17:127:29":4,"s:128:43:128:Infinity":24,"b:129:4:129:Infinity:undefined:undefined:undefined:undefined":3,"s:129:4:129:Infinity":25,"s:129:26:129:Infinity":26,"f:129:26:129:42":5,"s:129:54:129:76":27,"s:130:4:130:Infinity":28,"s:133:2:135:Infinity":29,"f:133:2:133:18":6,"s:134:4:134:Infinity":30,"s:137:2:175:Infinity":31,"f:137:2:137:18":7,"s:138:17:138:Infinity":32,"b:141:4:141:Infinity:undefined:undefined:undefined:undefined":4,"s:141:4:141:Infinity":33,"s:141:15:141:Infinity":34,"s:142:17:142:Infinity":35,"s:143:19:143:Infinity":36,"b:145:4:151:Infinity:undefined:undefined:undefined:undefined":5,"s:145:4:151:Infinity":37,"s:146:6:146:Infinity":38,"s:147:6:147:Infinity":39,"s:148:6:148:Infinity":40,"f:148:6:148:22":8,"s:148:34:148:97":41,"f:148:42:148:50":9,"s:148:65:148:96":42,"s:149:6:149:Infinity":43,"s:150:6:150:Infinity":44,"b:152:4:152:Infinity:undefined:undefined:undefined:undefined":6,"s:152:4:152:Infinity":45,"s:152:50:152:Infinity":46,"s:154:20:154:Infinity":47,"f:155:19:155:35":10,"s:156:12:162:Infinity":48,"b:157:10:159:Infinity:160:10:162:Infinity":7,"b:158:12:158:Infinity:159:12:159:Infinity":8,"b:160:10:161:Infinity:162:12:162:Infinity":9,"b:163:6:163:Infinity:undefined:undefined:undefined:undefined":10,"s:163:6:163:Infinity":49,"b:163:10:163:23:163:23:163:42:163:42:163:83:163:83:163:125":11,"s:163:125:163:Infinity":50,"b:164:6:167:Infinity:undefined:undefined:undefined:undefined":12,"s:164:6:167:Infinity":51,"s:165:8:165:Infinity":52,"s:166:8:166:Infinity":53,"s:168:6:168:Infinity":54,"s:169:6:169:Infinity":55,"f:169:6:169:22":11,"s:169:22:169:75":56,"s:171:4:171:Infinity":57,"s:172:4:174:Infinity":58,"f:172:4:172:17":12,"s:173:6:173:Infinity":59,"f:177:11:177:26":13,"s:178:4:178:Infinity":60,"s:179:4:179:Infinity":61,"s:180:4:180:Infinity":62,"s:183:8:189:Infinity":63,"f:183:24:183:Infinity":14,"s:184:10:187:Infinity":64,"f:185:21:185:29":15,"s:185:44:185:70":65,"f:185:72:185:77":16,"s:185:92:185:107":66,"f:192:11:192:28":17,"s:193:18:193:Infinity":67,"f:193:41:193:52":18,"s:193:67:193:121":68,"b:193:67:193:97:193:97:193:121":13,"b:195:4:197:Infinity:197:9:197:Infinity":14,"s:195:4:197:Infinity":69,"s:195:20:195:Infinity":70,"b:197:9:197:Infinity:undefined:undefined:undefined:undefined":15,"s:197:9:197:Infinity":71,"s:197:44:197:Infinity":72,"f:197:44:197:60":19,"s:197:60:197:104":73,"f:200:11:200:34":20,"s:201:23:201:Infinity":74,"b:202:4:205:Infinity:undefined:undefined:undefined:undefined":16,"s:202:4:205:Infinity":75,"s:203:6:203:Infinity":76,"b:203:40:203:66:203:66:203:Infinity":17,"s:204:6:204:Infinity":77,"s:206:4:206:Infinity":78,"f:206:4:206:20":21,"s:206:20:206:64":79,"f:209:11:209:22":22,"s:210:4:210:Infinity":80,"s:211:4:211:Infinity":81,"s:212:4:212:Infinity":82,"s:213:4:213:Infinity":83,"b:216:4:216:Infinity:undefined:undefined:undefined:undefined":18,"s:216:4:216:Infinity":84,"s:216:22:216:Infinity":85,"f:219:11:219:22":23,"s:220:4:220:Infinity":86,"s:221:4:221:Infinity":87,"b:222:4:222:Infinity:undefined:undefined:undefined:undefined":19,"s:222:4:222:Infinity":88,"s:222:41:222:Infinity":89,"s:224:38:228:Infinity":90,"b:225:4:225:20:225:20:225:51:225:51:225:Infinity":20,"s:229:2:229:Infinity":91,"f:229:22:229:34":24,"s:229:34:229:49":92,"s:230:8:230:Infinity":93,"s:231:8:231:Infinity":94,"s:232:8:232:Infinity":95,"f:236:11:236:26":25,"s:237:17:237:Infinity":96,"b:238:4:238:Infinity:undefined:undefined:undefined:undefined":21,"s:238:4:238:Infinity":97,"s:238:15:238:Infinity":98,"s:239:4:239:Infinity":99,"s:242:2:246:Infinity":100,"f:242:2:242:18":26,"b:243:4:245:Infinity:undefined:undefined:undefined:undefined":22,"s:243:4:245:Infinity":101,"s:244:6:244:Infinity":102,"s:248:2:255:Infinity":103,"f:248:2:248:18":27,"b:251:4:251:Infinity:undefined:undefined:undefined:undefined":23,"s:251:4:251:Infinity":104,"s:251:19:251:Infinity":105,"b:251:36:251:60:251:60:251:84:251:84:251:Infinity":24,"b:252:4:254:Infinity:undefined:undefined:undefined:undefined":25,"s:252:4:254:Infinity":106,"s:253:6:253:Infinity":107,"b:257:2:263:Infinity:undefined:undefined:undefined:undefined":26,"s:257:2:263:Infinity":108,"s:258:4:261:Infinity":109,"b:267:2:279:Infinity:undefined:undefined:undefined:undefined":27,"s:267:2:279:Infinity":110,"b:267:6:267:27:267:27:267:59":28,"s:268:4:277:Infinity":111,"s:281:2:513:Infinity":112,"f:285:8:285:22":28,"b:286:10:286:Infinity:undefined:undefined:undefined:undefined":29,"s:286:10:286:Infinity":113,"s:286:54:286:Infinity":114,"f:286:54:286:68":29,"s:286:74:286:79":115,"f:288:8:288:27":30,"s:288:27:288:Infinity":116,"f:288:27:288:41":31,"s:288:47:288:65":117,"f:289:8:289:21":32,"s:289:27:289:Infinity":118,"b:292:9:292:Infinity:294:10:298:Infinity":30,"b:300:9:300:Infinity:301:10:317:Infinity":31,"f:308:12:308:27":33,"s:309:14:309:Infinity":119,"s:310:14:310:Infinity":120,"f:312:12:312:27":34,"s:313:14:313:Infinity":121,"s:314:14:314:Infinity":122,"f:333:12:333:35":35,"s:333:35:333:Infinity":123,"b:361:11:361:Infinity:362:12:380:Infinity":32,"b:382:11:382:28:382:28:382:Infinity":33,"b:385:15:385:Infinity:386:16:389:Infinity":34,"b:387:50:387:74:387:74:387:83":35,"b:388:42:388:68:388:68:388:108":36,"f:391:27:391:32":36,"s:394:28:394:Infinity":124,"b:395:16:414:Infinity:undefined:undefined:undefined:undefined":37,"s:395:16:414:Infinity":125,"s:396:38:396:Infinity":126,"b:396:38:396:70:396:70:396:Infinity":38,"s:397:18:412:Infinity":127,"b:401:33:401:55:401:55:401:Infinity":39,"b:404:23:404:Infinity:405:24:412:Infinity":40,"b:415:16:418:Infinity:undefined:undefined:undefined:undefined":41,"s:415:16:418:Infinity":128,"b:416:18:416:Infinity:undefined:undefined:undefined:undefined":42,"s:416:18:416:Infinity":129,"s:416:33:416:Infinity":130,"s:417:18:417:Infinity":131,"b:417:58:417:100:417:100:417:111":43,"b:419:16:421:Infinity:undefined:undefined:undefined:undefined":44,"s:419:16:421:Infinity":132,"s:420:18:420:Infinity":133,"b:423:16:423:Infinity:undefined:undefined:undefined:undefined":45,"s:423:16:423:Infinity":134,"b:423:20:423:48:423:48:423:68":46,"s:423:68:423:Infinity":135,"s:424:16:434:Infinity":136,"f:430:20:430:33":37,"s:431:22:431:Infinity":137,"s:432:22:432:Infinity":138,"b:438:16:438:51:438:51:438:Infinity:439:16:446:Infinity":47,"f:440:40:440:45":38,"s:441:20:441:Infinity":139,"f:443:40:443:45":39,"s:444:20:444:Infinity":140,"f:449:32:449:37":40,"s:450:16:455:Infinity":141,"b:457:15:457:Infinity:458:16:460:Infinity":48,"f:462:28:462:33":41,"s:463:16:468:Infinity":142,"f:485:16:485:27":42,"s:485:37:485:Infinity":143,"b:511:7:511:31:511:31:511:Infinity":49},"fnNames":{}}}
,"/Users/laurent/Projets/Pi-interface/ui/src/attachments.ts": {"path":"/Users/laurent/Projets/Pi-interface/ui/src/attachments.ts","statementMap":{"0":{"start":{"line":19,"column":35},"end":{"line":19,"column":null}},"1":{"start":{"line":21,"column":36},"end":{"line":21,"column":null}},"2":{"start":{"line":24,"column":2},"end":{"line":29,"column":null}},"3":{"start":{"line":25,"column":19},"end":{"line":25,"column":null}},"4":{"start":{"line":26,"column":4},"end":{"line":26,"column":null}},"5":{"start":{"line":26,"column":26},"end":{"line":26,"column":null}},"6":{"start":{"line":27,"column":4},"end":{"line":27,"column":null}},"7":{"start":{"line":27,"column":27},"end":{"line":27,"column":null}},"8":{"start":{"line":28,"column":4},"end":{"line":28,"column":null}},"9":{"start":{"line":33,"column":15},"end":{"line":33,"column":null}},"10":{"start":{"line":34,"column":2},"end":{"line":34,"column":null}},"11":{"start":{"line":34,"column":28},"end":{"line":34,"column":null}},"12":{"start":{"line":35,"column":2},"end":{"line":35,"column":null}},"13":{"start":{"line":41,"column":36},"end":{"line":41,"column":null}},"14":{"start":{"line":42,"column":27},"end":{"line":42,"column":null}},"15":{"start":{"line":43,"column":2},"end":{"line":57,"column":null}},"16":{"start":{"line":44,"column":4},"end":{"line":56,"column":null}},"17":{"start":{"line":45,"column":6},"end":{"line":48,"column":null}},"18":{"start":{"line":46,"column":8},"end":{"line":46,"column":null}},"19":{"start":{"line":47,"column":8},"end":{"line":47,"column":null}},"20":{"start":{"line":49,"column":6},"end":{"line":49,"column":null}},"21":{"start":{"line":50,"column":11},"end":{"line":56,"column":null}},"22":{"start":{"line":51,"column":19},"end":{"line":51,"column":null}},"23":{"start":{"line":52,"column":6},"end":{"line":53,"column":null}},"24":{"start":{"line":52,"column":31},"end":{"line":52,"column":null}},"25":{"start":{"line":53,"column":11},"end":{"line":53,"column":null}},"26":{"start":{"line":55,"column":6},"end":{"line":55,"column":null}},"27":{"start":{"line":58,"column":2},"end":{"line":58,"column":null}},"28":{"start":{"line":66,"column":2},"end":{"line":66,"column":null}},"29":{"start":{"line":75,"column":18},"end":{"line":75,"column":null}},"30":{"start":{"line":76,"column":2},"end":{"line":76,"column":null}},"31":{"start":{"line":85,"column":16},"end":{"line":85,"column":null}},"32":{"start":{"line":86,"column":2},"end":{"line":86,"column":null}},"33":{"start":{"line":86,"column":38},"end":{"line":86,"column":71}},"34":{"start":{"line":86,"column":90},"end":{"line":86,"column":105}},"35":{"start":{"line":94,"column":13},"end":{"line":94,"column":null}},"36":{"start":{"line":95,"column":8},"end":{"line":97,"column":null}},"37":{"start":{"line":96,"column":4},"end":{"line":96,"column":null}},"38":{"start":{"line":98,"column":2},"end":{"line":104,"column":null}},"39":{"start":{"line":99,"column":4},"end":{"line":103,"column":null}},"40":{"start":{"line":100,"column":6},"end":{"line":100,"column":null}},"41":{"start":{"line":100,"column":44},"end":{"line":100,"column":null}},"42":{"start":{"line":101,"column":11},"end":{"line":103,"column":null}},"43":{"start":{"line":102,"column":6},"end":{"line":102,"column":null}},"44":{"start":{"line":105,"column":2},"end":{"line":105,"column":null}},"45":{"start":{"line":110,"column":2},"end":{"line":120,"column":null}},"46":{"start":{"line":111,"column":21},"end":{"line":111,"column":null}},"47":{"start":{"line":112,"column":4},"end":{"line":112,"column":null}},"48":{"start":{"line":112,"column":22},"end":{"line":112,"column":null}},"49":{"start":{"line":113,"column":21},"end":{"line":113,"column":null}},"50":{"start":{"line":114,"column":4},"end":{"line":114,"column":null}},"51":{"start":{"line":114,"column":40},"end":{"line":114,"column":null}},"52":{"start":{"line":115,"column":18},"end":{"line":115,"column":null}},"53":{"start":{"line":116,"column":4},"end":{"line":116,"column":null}},"54":{"start":{"line":116,"column":49},"end":{"line":116,"column":null}},"55":{"start":{"line":117,"column":4},"end":{"line":117,"column":null}},"56":{"start":{"line":119,"column":4},"end":{"line":119,"column":null}},"57":{"start":{"line":125,"column":2},"end":{"line":125,"column":null}},"58":{"start":{"line":130,"column":2},"end":{"line":130,"column":null}},"59":{"start":{"line":130,"column":36},"end":{"line":130,"column":84}},"60":{"start":{"line":130,"column":87},"end":{"line":130,"column":null}},"61":{"start":{"line":131,"column":2},"end":{"line":131,"column":null}},"62":{"start":{"line":136,"column":2},"end":{"line":136,"column":null}},"63":{"start":{"line":136,"column":45},"end":{"line":136,"column":73}},"64":{"start":{"line":141,"column":2},"end":{"line":141,"column":null}},"65":{"start":{"line":141,"column":49},"end":{"line":141,"column":71}}},"fnMap":{"0":{"name":"readAsBase64","decl":{"start":{"line":23,"column":9},"end":{"line":23,"column":22}},"loc":{"start":{"line":23,"column":51},"end":{"line":30,"column":null}},"line":23},"1":{"name":"(anonymous_1)","decl":{"start":{"line":24,"column":13},"end":{"line":24,"column":22}},"loc":{"start":{"line":24,"column":42},"end":{"line":29,"column":3}},"line":24},"2":{"name":"(anonymous_2)","decl":{"start":{"line":26,"column":11},"end":{"line":26,"column":26}},"loc":{"start":{"line":26,"column":26},"end":{"line":26,"column":null}},"line":26},"3":{"name":"(anonymous_3)","decl":{"start":{"line":27,"column":11},"end":{"line":27,"column":27}},"loc":{"start":{"line":27,"column":27},"end":{"line":27,"column":null}},"line":27},"4":{"name":"bytesToBase64","decl":{"start":{"line":32,"column":9},"end":{"line":32,"column":23}},"loc":{"start":{"line":32,"column":50},"end":{"line":36,"column":null}},"line":32},"5":{"name":"filesToAttachments","decl":{"start":{"line":38,"column":22},"end":{"line":38,"column":null}},"loc":{"start":{"line":40,"column":60},"end":{"line":59,"column":null}},"line":40},"6":{"name":"textPreviewToAttachment","decl":{"start":{"line":65,"column":16},"end":{"line":65,"column":40}},"loc":{"start":{"line":65,"column":66},"end":{"line":67,"column":null}},"line":65},"7":{"name":"mentions","decl":{"start":{"line":74,"column":9},"end":{"line":74,"column":18}},"loc":{"start":{"line":74,"column":55},"end":{"line":77,"column":null}},"line":74},"8":{"name":"mentionedPaths","decl":{"start":{"line":84,"column":16},"end":{"line":84,"column":31}},"loc":{"start":{"line":84,"column":55},"end":{"line":87,"column":null}},"line":84},"9":{"name":"(anonymous_9)","decl":{"start":{"line":86,"column":20},"end":{"line":86,"column":25}},"loc":{"start":{"line":86,"column":38},"end":{"line":86,"column":71}},"line":86},"10":{"name":"(anonymous_10)","decl":{"start":{"line":86,"column":73},"end":{"line":86,"column":81}},"loc":{"start":{"line":86,"column":90},"end":{"line":86,"column":105}},"line":86},"11":{"name":"composePrompt","decl":{"start":{"line":93,"column":16},"end":{"line":93,"column":30}},"loc":{"start":{"line":93,"column":79},"end":{"line":106,"column":null}},"line":93},"12":{"name":"(anonymous_12)","decl":{"start":{"line":95,"column":8},"end":{"line":95,"column":18}},"loc":{"start":{"line":95,"column":35},"end":{"line":97,"column":null}},"line":95},"13":{"name":"imagePreviewToAttachment","decl":{"start":{"line":109,"column":22},"end":{"line":109,"column":47}},"loc":{"start":{"line":109,"column":104},"end":{"line":121,"column":null}},"line":109},"14":{"name":"pathAttachment","decl":{"start":{"line":124,"column":16},"end":{"line":124,"column":31}},"loc":{"start":{"line":124,"column":57},"end":{"line":126,"column":null}},"line":124},"15":{"name":"addPathAttachment","decl":{"start":{"line":129,"column":16},"end":{"line":129,"column":34}},"loc":{"start":{"line":129,"column":89},"end":{"line":132,"column":null}},"line":129},"16":{"name":"(anonymous_16)","decl":{"start":{"line":130,"column":18},"end":{"line":130,"column":24}},"loc":{"start":{"line":130,"column":36},"end":{"line":130,"column":84}},"line":130},"17":{"name":"replacePreviewAttachment","decl":{"start":{"line":135,"column":16},"end":{"line":135,"column":41}},"loc":{"start":{"line":135,"column":106},"end":{"line":137,"column":null}},"line":135},"18":{"name":"(anonymous_18)","decl":{"start":{"line":136,"column":25},"end":{"line":136,"column":33}},"loc":{"start":{"line":136,"column":45},"end":{"line":136,"column":73}},"line":136},"19":{"name":"removeAttachment","decl":{"start":{"line":140,"column":16},"end":{"line":140,"column":33}},"loc":{"start":{"line":140,"column":89},"end":{"line":142,"column":null}},"line":140},"20":{"name":"(anonymous_20)","decl":{"start":{"line":141,"column":21},"end":{"line":141,"column":29}},"loc":{"start":{"line":141,"column":49},"end":{"line":141,"column":71}},"line":141}},"branchMap":{"0":{"loc":{"start":{"line":26,"column":35},"end":{"line":26,"column":82}},"type":"binary-expr","locations":[{"start":{"line":26,"column":35},"end":{"line":26,"column":80}},{"start":{"line":26,"column":80},"end":{"line":26,"column":82}}],"line":26},"1":{"loc":{"start":{"line":44,"column":4},"end":{"line":56,"column":null}},"type":"if","locations":[{"start":{"line":44,"column":4},"end":{"line":56,"column":null}},{"start":{"line":50,"column":11},"end":{"line":56,"column":null}}],"line":44},"2":{"loc":{"start":{"line":45,"column":6},"end":{"line":48,"column":null}},"type":"if","locations":[{"start":{"line":45,"column":6},"end":{"line":48,"column":null}},{"start":{},"end":{}}],"line":45},"3":{"loc":{"start":{"line":50,"column":11},"end":{"line":56,"column":null}},"type":"if","locations":[{"start":{"line":50,"column":11},"end":{"line":56,"column":null}},{"start":{"line":54,"column":11},"end":{"line":56,"column":null}}],"line":50},"4":{"loc":{"start":{"line":52,"column":6},"end":{"line":53,"column":null}},"type":"if","locations":[{"start":{"line":52,"column":6},"end":{"line":53,"column":null}},{"start":{"line":53,"column":11},"end":{"line":53,"column":null}}],"line":52},"5":{"loc":{"start":{"line":53,"column":83},"end":{"line":53,"column":110}},"type":"binary-expr","locations":[{"start":{"line":53,"column":83},"end":{"line":53,"column":96}},{"start":{"line":53,"column":96},"end":{"line":53,"column":110}}],"line":53},"6":{"loc":{"start":{"line":96,"column":15},"end":{"line":96,"column":36}},"type":"cond-expr","locations":[{"start":{"line":96,"column":22},"end":{"line":96,"column":31}},{"start":{"line":96,"column":31},"end":{"line":96,"column":36}}],"line":96},"7":{"loc":{"start":{"line":99,"column":4},"end":{"line":103,"column":null}},"type":"if","locations":[{"start":{"line":99,"column":4},"end":{"line":103,"column":null}},{"start":{"line":101,"column":11},"end":{"line":103,"column":null}}],"line":99},"8":{"loc":{"start":{"line":100,"column":6},"end":{"line":100,"column":null}},"type":"if","locations":[{"start":{"line":100,"column":6},"end":{"line":100,"column":null}},{"start":{},"end":{}}],"line":100},"9":{"loc":{"start":{"line":101,"column":11},"end":{"line":103,"column":null}},"type":"if","locations":[{"start":{"line":101,"column":11},"end":{"line":103,"column":null}},{"start":{},"end":{}}],"line":101},"10":{"loc":{"start":{"line":112,"column":4},"end":{"line":112,"column":null}},"type":"if","locations":[{"start":{"line":112,"column":4},"end":{"line":112,"column":null}},{"start":{},"end":{}}],"line":112},"11":{"loc":{"start":{"line":113,"column":21},"end":{"line":113,"column":null}},"type":"binary-expr","locations":[{"start":{"line":113,"column":21},"end":{"line":113,"column":79}},{"start":{"line":113,"column":79},"end":{"line":113,"column":null}}],"line":113},"12":{"loc":{"start":{"line":114,"column":4},"end":{"line":114,"column":null}},"type":"if","locations":[{"start":{"line":114,"column":4},"end":{"line":114,"column":null}},{"start":{},"end":{}}],"line":114},"13":{"loc":{"start":{"line":116,"column":4},"end":{"line":116,"column":null}},"type":"if","locations":[{"start":{"line":116,"column":4},"end":{"line":116,"column":null}},{"start":{},"end":{}}],"line":116},"14":{"loc":{"start":{"line":130,"column":2},"end":{"line":130,"column":null}},"type":"if","locations":[{"start":{"line":130,"column":2},"end":{"line":130,"column":null}},{"start":{},"end":{}}],"line":130},"15":{"loc":{"start":{"line":130,"column":36},"end":{"line":130,"column":84}},"type":"binary-expr","locations":[{"start":{"line":130,"column":36},"end":{"line":130,"column":63}},{"start":{"line":130,"column":63},"end":{"line":130,"column":84}}],"line":130}},"s":{"0":2,"1":2,"2":1,"3":1,"4":1,"5":1,"6":1,"7":0,"8":1,"9":0,"10":0,"11":0,"12":0,"13":7,"14":7,"15":7,"16":8,"17":2,"18":1,"19":1,"20":1,"21":6,"22":4,"23":4,"24":1,"25":3,"26":2,"27":7,"28":1,"29":3,"30":3,"31":7,"32":7,"33":6,"34":6,"35":6,"36":6,"37":4,"38":6,"39":5,"40":3,"41":2,"42":2,"43":2,"44":6,"45":1,"46":1,"47":0,"48":0,"49":0,"50":1,"51":0,"52":0,"53":0,"54":0,"55":0,"56":1,"57":16,"58":3,"59":2,"60":1,"61":2,"62":2,"63":2,"64":2,"65":3},"f":{"0":1,"1":1,"2":1,"3":0,"4":0,"5":7,"6":1,"7":3,"8":7,"9":6,"10":6,"11":6,"12":4,"13":1,"14":16,"15":3,"16":2,"17":2,"18":2,"19":2,"20":3},"b":{"0":[1,0],"1":[2,6],"2":[1,1],"3":[4,2],"4":[1,3],"5":[3,1],"6":[4,0],"7":[3,2],"8":[2,1],"9":[2,0],"10":[0,0],"11":[0,0],"12":[0,1],"13":[0,0],"14":[1,2],"15":[2,2]},"meta":{"lastBranch":16,"lastFunction":21,"lastStatement":66,"seen":{"s:19:35:19:Infinity":0,"s:21:36:21:Infinity":1,"f:23:9:23:22":0,"s:24:2:29:Infinity":2,"f:24:13:24:22":1,"s:25:19:25:Infinity":3,"s:26:4:26:Infinity":4,"f:26:11:26:26":2,"s:26:26:26:Infinity":5,"b:26:35:26:80:26:80:26:82":0,"s:27:4:27:Infinity":6,"f:27:11:27:27":3,"s:27:27:27:Infinity":7,"s:28:4:28:Infinity":8,"f:32:9:32:23":4,"s:33:15:33:Infinity":9,"s:34:2:34:Infinity":10,"s:34:28:34:Infinity":11,"s:35:2:35:Infinity":12,"f:38:22:38:Infinity":5,"s:41:36:41:Infinity":13,"s:42:27:42:Infinity":14,"s:43:2:57:Infinity":15,"b:44:4:56:Infinity:50:11:56:Infinity":1,"s:44:4:56:Infinity":16,"b:45:6:48:Infinity:undefined:undefined:undefined:undefined":2,"s:45:6:48:Infinity":17,"s:46:8:46:Infinity":18,"s:47:8:47:Infinity":19,"s:49:6:49:Infinity":20,"b:50:11:56:Infinity:54:11:56:Infinity":3,"s:50:11:56:Infinity":21,"s:51:19:51:Infinity":22,"b:52:6:53:Infinity:53:11:53:Infinity":4,"s:52:6:53:Infinity":23,"s:52:31:52:Infinity":24,"s:53:11:53:Infinity":25,"b:53:83:53:96:53:96:53:110":5,"s:55:6:55:Infinity":26,"s:58:2:58:Infinity":27,"f:65:16:65:40":6,"s:66:2:66:Infinity":28,"f:74:9:74:18":7,"s:75:18:75:Infinity":29,"s:76:2:76:Infinity":30,"f:84:16:84:31":8,"s:85:16:85:Infinity":31,"s:86:2:86:Infinity":32,"f:86:20:86:25":9,"s:86:38:86:71":33,"f:86:73:86:81":10,"s:86:90:86:105":34,"f:93:16:93:30":11,"s:94:13:94:Infinity":35,"s:95:8:97:Infinity":36,"f:95:8:95:18":12,"s:96:4:96:Infinity":37,"b:96:22:96:31:96:31:96:36":6,"s:98:2:104:Infinity":38,"b:99:4:103:Infinity:101:11:103:Infinity":7,"s:99:4:103:Infinity":39,"b:100:6:100:Infinity:undefined:undefined:undefined:undefined":8,"s:100:6:100:Infinity":40,"s:100:44:100:Infinity":41,"b:101:11:103:Infinity:undefined:undefined:undefined:undefined":9,"s:101:11:103:Infinity":42,"s:102:6:102:Infinity":43,"s:105:2:105:Infinity":44,"f:109:22:109:47":13,"s:110:2:120:Infinity":45,"s:111:21:111:Infinity":46,"b:112:4:112:Infinity:undefined:undefined:undefined:undefined":10,"s:112:4:112:Infinity":47,"s:112:22:112:Infinity":48,"s:113:21:113:Infinity":49,"b:113:21:113:79:113:79:113:Infinity":11,"b:114:4:114:Infinity:undefined:undefined:undefined:undefined":12,"s:114:4:114:Infinity":50,"s:114:40:114:Infinity":51,"s:115:18:115:Infinity":52,"b:116:4:116:Infinity:undefined:undefined:undefined:undefined":13,"s:116:4:116:Infinity":53,"s:116:49:116:Infinity":54,"s:117:4:117:Infinity":55,"s:119:4:119:Infinity":56,"f:124:16:124:31":14,"s:125:2:125:Infinity":57,"f:129:16:129:34":15,"b:130:2:130:Infinity:undefined:undefined:undefined:undefined":14,"s:130:2:130:Infinity":58,"f:130:18:130:24":16,"s:130:36:130:84":59,"b:130:36:130:63:130:63:130:84":15,"s:130:87:130:Infinity":60,"s:131:2:131:Infinity":61,"f:135:16:135:41":17,"s:136:2:136:Infinity":62,"f:136:25:136:33":18,"s:136:45:136:73":63,"f:140:16:140:33":19,"s:141:2:141:Infinity":64,"f:141:21:141:29":20,"s:141:49:141:71":65},"fnNames":{}}}
,"/Users/laurent/Projets/Pi-interface/ui/src/authToken.ts": {"path":"/Users/laurent/Projets/Pi-interface/ui/src/authToken.ts","statementMap":{"0":{"start":{"line":6,"column":20},"end":{"line":6,"column":null}},"1":{"start":{"line":10,"column":31},"end":{"line":10,"column":null}},"2":{"start":{"line":11,"column":2},"end":{"line":24,"column":null}},"3":{"start":{"line":12,"column":16},"end":{"line":12,"column":null}},"4":{"start":{"line":13,"column":4},"end":{"line":13,"column":null}},"5":{"start":{"line":14,"column":4},"end":{"line":18,"column":null}},"6":{"start":{"line":15,"column":6},"end":{"line":15,"column":null}},"7":{"start":{"line":16,"column":6},"end":{"line":16,"column":null}},"8":{"start":{"line":17,"column":6},"end":{"line":17,"column":null}},"9":{"start":{"line":19,"column":4},"end":{"line":19,"column":null}},"10":{"start":{"line":23,"column":4},"end":{"line":23,"column":null}},"11":{"start":{"line":32,"column":2},"end":{"line":36,"column":null}},"12":{"start":{"line":33,"column":4},"end":{"line":33,"column":null}},"13":{"start":{"line":35,"column":4},"end":{"line":35,"column":null}},"14":{"start":{"line":40,"column":2},"end":{"line":44,"column":null}},"15":{"start":{"line":41,"column":4},"end":{"line":41,"column":null}}},"fnMap":{"0":{"name":"bootstrapToken","decl":{"start":{"line":9,"column":16},"end":{"line":9,"column":48}},"loc":{"start":{"line":9,"column":48},"end":{"line":25,"column":null}},"line":9},"1":{"name":"storedToken","decl":{"start":{"line":31,"column":16},"end":{"line":31,"column":45}},"loc":{"start":{"line":31,"column":45},"end":{"line":37,"column":null}},"line":31},"2":{"name":"storeToken","decl":{"start":{"line":39,"column":16},"end":{"line":39,"column":27}},"loc":{"start":{"line":39,"column":48},"end":{"line":45,"column":null}},"line":39}},"branchMap":{"0":{"loc":{"start":{"line":14,"column":4},"end":{"line":18,"column":null}},"type":"if","locations":[{"start":{"line":14,"column":4},"end":{"line":18,"column":null}},{"start":{},"end":{}}],"line":14}},"s":{"0":2,"1":33,"2":33,"3":33,"4":33,"5":33,"6":0,"7":0,"8":0,"9":33,"10":0,"11":3,"12":3,"13":0,"14":7,"15":7},"f":{"0":33,"1":3,"2":7},"b":{"0":[0,33]},"meta":{"lastBranch":1,"lastFunction":3,"lastStatement":16,"seen":{"s:6:20:6:Infinity":0,"f:9:16:9:48":0,"s:10:31:10:Infinity":1,"s:11:2:24:Infinity":2,"s:12:16:12:Infinity":3,"s:13:4:13:Infinity":4,"b:14:4:18:Infinity:undefined:undefined:undefined:undefined":0,"s:14:4:18:Infinity":5,"s:15:6:15:Infinity":6,"s:16:6:16:Infinity":7,"s:17:6:17:Infinity":8,"s:19:4:19:Infinity":9,"s:23:4:23:Infinity":10,"f:31:16:31:45":1,"s:32:2:36:Infinity":11,"s:33:4:33:Infinity":12,"s:35:4:35:Infinity":13,"f:39:16:39:27":2,"s:40:2:44:Infinity":14,"s:41:4:41:Infinity":15},"fnNames":{}}}
,"/Users/laurent/Projets/Pi-interface/ui/src/useAgent.ts": {"path":"/Users/laurent/Projets/Pi-interface/ui/src/useAgent.ts","statementMap":{"0":{"start":{"line":132,"column":33},"end":{"line":168,"column":null}},"1":{"start":{"line":195,"column":2},"end":{"line":202,"column":null}},"2":{"start":{"line":195,"column":15},"end":{"line":195,"column":33}},"3":{"start":{"line":196,"column":17},"end":{"line":196,"column":null}},"4":{"start":{"line":197,"column":4},"end":{"line":201,"column":null}},"5":{"start":{"line":198,"column":19},"end":{"line":198,"column":null}},"6":{"start":{"line":199,"column":6},"end":{"line":199,"column":null}},"7":{"start":{"line":200,"column":6},"end":{"line":200,"column":null}},"8":{"start":{"line":203,"column":2},"end":{"line":203,"column":null}},"9":{"start":{"line":208,"column":2},"end":{"line":215,"column":null}},"10":{"start":{"line":208,"column":15},"end":{"line":208,"column":33}},"11":{"start":{"line":209,"column":17},"end":{"line":209,"column":null}},"12":{"start":{"line":210,"column":4},"end":{"line":214,"column":null}},"13":{"start":{"line":211,"column":19},"end":{"line":211,"column":null}},"14":{"start":{"line":212,"column":6},"end":{"line":212,"column":null}},"15":{"start":{"line":213,"column":6},"end":{"line":213,"column":null}},"16":{"start":{"line":216,"column":2},"end":{"line":216,"column":null}},"17":{"start":{"line":220,"column":2},"end":{"line":220,"column":null}},"18":{"start":{"line":220,"column":111},"end":{"line":220,"column":null}},"19":{"start":{"line":221,"column":2},"end":{"line":221,"column":null}},"20":{"start":{"line":222,"column":18},"end":{"line":222,"column":null}},"21":{"start":{"line":222,"column":45},"end":{"line":222,"column":86}},"22":{"start":{"line":223,"column":2},"end":{"line":257,"column":null}},"23":{"start":{"line":261,"column":2},"end":{"line":261,"column":null}},"24":{"start":{"line":261,"column":35},"end":{"line":261,"column":null}},"25":{"start":{"line":262,"column":2},"end":{"line":262,"column":null}},"26":{"start":{"line":262,"column":39},"end":{"line":262,"column":null}},"27":{"start":{"line":263,"column":2},"end":{"line":263,"column":null}},"28":{"start":{"line":263,"column":39},"end":{"line":263,"column":null}},"29":{"start":{"line":264,"column":2},"end":{"line":273,"column":null}},"30":{"start":{"line":267,"column":17},"end":{"line":267,"column":null}},"31":{"start":{"line":269,"column":6},"end":{"line":271,"column":null}},"32":{"start":{"line":272,"column":4},"end":{"line":272,"column":null}},"33":{"start":{"line":276,"column":2},"end":{"line":276,"column":null}},"34":{"start":{"line":276,"column":41},"end":{"line":276,"column":null}},"35":{"start":{"line":277,"column":2},"end":{"line":279,"column":null}},"36":{"start":{"line":278,"column":4},"end":{"line":278,"column":null}},"37":{"start":{"line":278,"column":72},"end":{"line":278,"column":90}},"38":{"start":{"line":280,"column":2},"end":{"line":280,"column":null}},"39":{"start":{"line":280,"column":41},"end":{"line":280,"column":null}},"40":{"start":{"line":281,"column":2},"end":{"line":283,"column":null}},"41":{"start":{"line":282,"column":4},"end":{"line":282,"column":null}},"42":{"start":{"line":284,"column":2},"end":{"line":286,"column":null}},"43":{"start":{"line":285,"column":4},"end":{"line":285,"column":null}},"44":{"start":{"line":287,"column":2},"end":{"line":295,"column":null}},"45":{"start":{"line":288,"column":17},"end":{"line":288,"column":null}},"46":{"start":{"line":290,"column":4},"end":{"line":290,"column":null}},"47":{"start":{"line":290,"column":84},"end":{"line":290,"column":null}},"48":{"start":{"line":291,"column":4},"end":{"line":294,"column":null}},"49":{"start":{"line":296,"column":2},"end":{"line":296,"column":null}},"50":{"start":{"line":296,"column":44},"end":{"line":296,"column":null}},"51":{"start":{"line":297,"column":2},"end":{"line":299,"column":null}},"52":{"start":{"line":298,"column":4},"end":{"line":298,"column":null}},"53":{"start":{"line":300,"column":2},"end":{"line":300,"column":null}},"54":{"start":{"line":300,"column":45},"end":{"line":300,"column":null}},"55":{"start":{"line":301,"column":2},"end":{"line":306,"column":null}},"56":{"start":{"line":302,"column":4},"end":{"line":305,"column":null}},"57":{"start":{"line":307,"column":2},"end":{"line":307,"column":null}},"58":{"start":{"line":307,"column":48},"end":{"line":307,"column":null}},"59":{"start":{"line":308,"column":2},"end":{"line":308,"column":null}},"60":{"start":{"line":308,"column":42},"end":{"line":308,"column":null}},"61":{"start":{"line":309,"column":2},"end":{"line":309,"column":null}},"62":{"start":{"line":309,"column":42},"end":{"line":309,"column":null}},"63":{"start":{"line":310,"column":2},"end":{"line":310,"column":null}},"64":{"start":{"line":310,"column":42},"end":{"line":310,"column":null}},"65":{"start":{"line":312,"column":18},"end":{"line":312,"column":null}},"66":{"start":{"line":313,"column":2},"end":{"line":553,"column":null}},"67":{"start":{"line":317,"column":6},"end":{"line":317,"column":null}},"68":{"start":{"line":319,"column":6},"end":{"line":319,"column":null}},"69":{"start":{"line":322,"column":6},"end":{"line":322,"column":null}},"70":{"start":{"line":322,"column":64},"end":{"line":322,"column":null}},"71":{"start":{"line":323,"column":6},"end":{"line":323,"column":null}},"72":{"start":{"line":325,"column":6},"end":{"line":325,"column":null}},"73":{"start":{"line":327,"column":6},"end":{"line":330,"column":null}},"74":{"start":{"line":332,"column":6},"end":{"line":332,"column":null}},"75":{"start":{"line":336,"column":22},"end":{"line":336,"column":null}},"76":{"start":{"line":336,"column":54},"end":{"line":336,"column":105}},"77":{"start":{"line":337,"column":6},"end":{"line":345,"column":null}},"78":{"start":{"line":348,"column":6},"end":{"line":348,"column":null}},"79":{"start":{"line":350,"column":6},"end":{"line":356,"column":null}},"80":{"start":{"line":363,"column":26},"end":{"line":363,"column":null}},"81":{"start":{"line":364,"column":26},"end":{"line":364,"column":null}},"82":{"start":{"line":364,"column":60},"end":{"line":364,"column":92}},"83":{"start":{"line":365,"column":21},"end":{"line":365,"column":null}},"84":{"start":{"line":366,"column":6},"end":{"line":370,"column":null}},"85":{"start":{"line":366,"column":19},"end":{"line":366,"column":43}},"86":{"start":{"line":366,"column":47},"end":{"line":366,"column":67}},"87":{"start":{"line":367,"column":21},"end":{"line":367,"column":null}},"88":{"start":{"line":368,"column":8},"end":{"line":368,"column":null}},"89":{"start":{"line":368,"column":67},"end":{"line":368,"column":null}},"90":{"start":{"line":369,"column":8},"end":{"line":369,"column":null}},"91":{"start":{"line":371,"column":6},"end":{"line":383,"column":null}},"92":{"start":{"line":374,"column":10},"end":{"line":374,"column":null}},"93":{"start":{"line":374,"column":36},"end":{"line":374,"column":null}},"94":{"start":{"line":375,"column":26},"end":{"line":375,"column":null}},"95":{"start":{"line":376,"column":10},"end":{"line":376,"column":null}},"96":{"start":{"line":376,"column":40},"end":{"line":376,"column":null}},"97":{"start":{"line":377,"column":10},"end":{"line":380,"column":null}},"98":{"start":{"line":378,"column":51},"end":{"line":378,"column":null}},"99":{"start":{"line":379,"column":12},"end":{"line":379,"column":null}},"100":{"start":{"line":381,"column":10},"end":{"line":381,"column":null}},"101":{"start":{"line":386,"column":6},"end":{"line":386,"column":null}},"102":{"start":{"line":388,"column":6},"end":{"line":397,"column":null}},"103":{"start":{"line":393,"column":10},"end":{"line":393,"column":null}},"104":{"start":{"line":393,"column":52},"end":{"line":393,"column":null}},"105":{"start":{"line":394,"column":10},"end":{"line":394,"column":null}},"106":{"start":{"line":394,"column":59},"end":{"line":394,"column":null}},"107":{"start":{"line":395,"column":10},"end":{"line":395,"column":null}},"108":{"start":{"line":399,"column":6},"end":{"line":399,"column":null}},"109":{"start":{"line":401,"column":6},"end":{"line":414,"column":null}},"110":{"start":{"line":404,"column":25},"end":{"line":404,"column":null}},"111":{"start":{"line":406,"column":24},"end":{"line":406,"column":null}},"112":{"start":{"line":406,"column":48},"end":{"line":406,"column":87}},"113":{"start":{"line":407,"column":10},"end":{"line":411,"column":null}},"114":{"start":{"line":408,"column":12},"end":{"line":408,"column":null}},"115":{"start":{"line":410,"column":12},"end":{"line":410,"column":null}},"116":{"start":{"line":412,"column":10},"end":{"line":412,"column":null}},"117":{"start":{"line":416,"column":6},"end":{"line":416,"column":null}},"118":{"start":{"line":416,"column":71},"end":{"line":416,"column":83}},"119":{"start":{"line":418,"column":6},"end":{"line":418,"column":null}},"120":{"start":{"line":420,"column":6},"end":{"line":428,"column":null}},"121":{"start":{"line":430,"column":6},"end":{"line":433,"column":null}},"122":{"start":{"line":435,"column":6},"end":{"line":444,"column":null}},"123":{"start":{"line":446,"column":6},"end":{"line":446,"column":null}},"124":{"start":{"line":448,"column":6},"end":{"line":448,"column":null}},"125":{"start":{"line":450,"column":6},"end":{"line":450,"column":null}},"126":{"start":{"line":452,"column":6},"end":{"line":456,"column":null}},"127":{"start":{"line":458,"column":6},"end":{"line":458,"column":null}},"128":{"start":{"line":460,"column":6},"end":{"line":460,"column":null}},"129":{"start":{"line":463,"column":6},"end":{"line":463,"column":null}},"130":{"start":{"line":463,"column":98},"end":{"line":463,"column":null}},"131":{"start":{"line":464,"column":6},"end":{"line":467,"column":null}},"132":{"start":{"line":469,"column":19},"end":{"line":469,"column":null}},"133":{"start":{"line":470,"column":6},"end":{"line":470,"column":null}},"134":{"start":{"line":470,"column":90},"end":{"line":470,"column":null}},"135":{"start":{"line":471,"column":6},"end":{"line":474,"column":null}},"136":{"start":{"line":477,"column":6},"end":{"line":479,"column":null}},"137":{"start":{"line":478,"column":8},"end":{"line":478,"column":null}},"138":{"start":{"line":480,"column":6},"end":{"line":491,"column":null}},"139":{"start":{"line":481,"column":21},"end":{"line":481,"column":null}},"140":{"start":{"line":482,"column":8},"end":{"line":482,"column":null}},"141":{"start":{"line":482,"column":92},"end":{"line":482,"column":null}},"142":{"start":{"line":483,"column":8},"end":{"line":490,"column":null}},"143":{"start":{"line":492,"column":6},"end":{"line":492,"column":null}},"144":{"start":{"line":492,"column":98},"end":{"line":492,"column":null}},"145":{"start":{"line":493,"column":6},"end":{"line":493,"column":null}},"146":{"start":{"line":497,"column":6},"end":{"line":497,"column":null}},"147":{"start":{"line":497,"column":61},"end":{"line":497,"column":null}},"148":{"start":{"line":498,"column":6},"end":{"line":498,"column":null}},"149":{"start":{"line":500,"column":50},"end":{"line":500,"column":null}},"150":{"start":{"line":501,"column":6},"end":{"line":501,"column":null}},"151":{"start":{"line":501,"column":40},"end":{"line":501,"column":null}},"152":{"start":{"line":502,"column":6},"end":{"line":502,"column":null}},"153":{"start":{"line":505,"column":6},"end":{"line":505,"column":null}},"154":{"start":{"line":507,"column":6},"end":{"line":507,"column":null}},"155":{"start":{"line":509,"column":6},"end":{"line":509,"column":null}},"156":{"start":{"line":513,"column":6},"end":{"line":515,"column":null}},"157":{"start":{"line":514,"column":8},"end":{"line":514,"column":null}},"158":{"start":{"line":516,"column":6},"end":{"line":516,"column":null}},"159":{"start":{"line":518,"column":6},"end":{"line":550,"column":null}},"160":{"start":{"line":523,"column":10},"end":{"line":523,"column":null}},"161":{"start":{"line":525,"column":10},"end":{"line":531,"column":null}},"162":{"start":{"line":533,"column":27},"end":{"line":533,"column":null}},"163":{"start":{"line":534,"column":10},"end":{"line":535,"column":null}},"164":{"start":{"line":534,"column":48},"end":{"line":534,"column":null}},"165":{"start":{"line":535,"column":15},"end":{"line":535,"column":null}},"166":{"start":{"line":536,"column":10},"end":{"line":536,"column":null}},"167":{"start":{"line":539,"column":26},"end":{"line":539,"column":null}},"168":{"start":{"line":540,"column":10},"end":{"line":541,"column":null}},"169":{"start":{"line":540,"column":49},"end":{"line":540,"column":null}},"170":{"start":{"line":541,"column":15},"end":{"line":541,"column":null}},"171":{"start":{"line":542,"column":10},"end":{"line":542,"column":null}},"172":{"start":{"line":545,"column":10},"end":{"line":545,"column":null}},"173":{"start":{"line":547,"column":10},"end":{"line":547,"column":null}},"174":{"start":{"line":549,"column":10},"end":{"line":549,"column":null}},"175":{"start":{"line":552,"column":6},"end":{"line":552,"column":null}},"176":{"start":{"line":558,"column":15},"end":{"line":560,"column":null}},"177":{"start":{"line":562,"column":2},"end":{"line":562,"column":null}},"178":{"start":{"line":566,"column":30},"end":{"line":566,"column":null}},"179":{"start":{"line":579,"column":16},"end":{"line":579,"column":null}},"180":{"start":{"line":580,"column":8},"end":{"line":580,"column":null}},"181":{"start":{"line":582,"column":20},"end":{"line":582,"column":null}},"182":{"start":{"line":583,"column":8},"end":{"line":583,"column":null}},"183":{"start":{"line":584,"column":2},"end":{"line":586,"column":null}},"184":{"start":{"line":585,"column":4},"end":{"line":585,"column":null}},"185":{"start":{"line":589,"column":8},"end":{"line":589,"column":null}},"186":{"start":{"line":590,"column":8},"end":{"line":590,"column":null}},"187":{"start":{"line":591,"column":2},"end":{"line":593,"column":null}},"188":{"start":{"line":592,"column":4},"end":{"line":592,"column":null}},"189":{"start":{"line":594,"column":2},"end":{"line":596,"column":null}},"190":{"start":{"line":595,"column":4},"end":{"line":595,"column":null}},"191":{"start":{"line":597,"column":8},"end":{"line":597,"column":null}},"192":{"start":{"line":598,"column":2},"end":{"line":600,"column":null}},"193":{"start":{"line":599,"column":4},"end":{"line":599,"column":null}},"194":{"start":{"line":602,"column":8},"end":{"line":607,"column":null}},"195":{"start":{"line":603,"column":19},"end":{"line":603,"column":null}},"196":{"start":{"line":604,"column":4},"end":{"line":606,"column":null}},"197":{"start":{"line":605,"column":6},"end":{"line":605,"column":null}},"198":{"start":{"line":611,"column":8},"end":{"line":611,"column":null}},"199":{"start":{"line":612,"column":8},"end":{"line":612,"column":null}},"200":{"start":{"line":613,"column":8},"end":{"line":613,"column":null}},"201":{"start":{"line":614,"column":8},"end":{"line":622,"column":null}},"202":{"start":{"line":615,"column":4},"end":{"line":615,"column":null}},"203":{"start":{"line":615,"column":34},"end":{"line":615,"column":null}},"204":{"start":{"line":616,"column":4},"end":{"line":619,"column":null}},"205":{"start":{"line":617,"column":6},"end":{"line":617,"column":null}},"206":{"start":{"line":618,"column":6},"end":{"line":618,"column":null}},"207":{"start":{"line":620,"column":4},"end":{"line":620,"column":null}},"208":{"start":{"line":621,"column":4},"end":{"line":621,"column":null}},"209":{"start":{"line":623,"column":8},"end":{"line":629,"column":null}},"210":{"start":{"line":624,"column":4},"end":{"line":624,"column":null}},"211":{"start":{"line":625,"column":4},"end":{"line":628,"column":null}},"212":{"start":{"line":626,"column":6},"end":{"line":626,"column":null}},"213":{"start":{"line":627,"column":6},"end":{"line":627,"column":null}},"214":{"start":{"line":634,"column":2},"end":{"line":647,"column":null}},"215":{"start":{"line":635,"column":20},"end":{"line":635,"column":null}},"216":{"start":{"line":636,"column":4},"end":{"line":643,"column":null}},"217":{"start":{"line":639,"column":22},"end":{"line":639,"column":72}},"218":{"start":{"line":641,"column":8},"end":{"line":641,"column":null}},"219":{"start":{"line":641,"column":36},"end":{"line":641,"column":null}},"220":{"start":{"line":644,"column":4},"end":{"line":646,"column":null}},"221":{"start":{"line":645,"column":6},"end":{"line":645,"column":null}},"222":{"start":{"line":649,"column":2},"end":{"line":735,"column":null}},"223":{"start":{"line":651,"column":19},"end":{"line":651,"column":null}},"224":{"start":{"line":654,"column":21},"end":{"line":654,"column":null}},"225":{"start":{"line":655,"column":6},"end":{"line":655,"column":null}},"226":{"start":{"line":657,"column":6},"end":{"line":660,"column":null}},"227":{"start":{"line":658,"column":8},"end":{"line":658,"column":null}},"228":{"start":{"line":658,"column":42},"end":{"line":658,"column":null}},"229":{"start":{"line":659,"column":8},"end":{"line":659,"column":null}},"230":{"start":{"line":661,"column":6},"end":{"line":709,"column":null}},"231":{"start":{"line":662,"column":8},"end":{"line":662,"column":null}},"232":{"start":{"line":662,"column":42},"end":{"line":662,"column":null}},"233":{"start":{"line":664,"column":8},"end":{"line":668,"column":null}},"234":{"start":{"line":665,"column":10},"end":{"line":665,"column":null}},"235":{"start":{"line":667,"column":10},"end":{"line":667,"column":null}},"236":{"start":{"line":669,"column":8},"end":{"line":692,"column":null}},"237":{"start":{"line":670,"column":28},"end":{"line":670,"column":null}},"238":{"start":{"line":671,"column":29},"end":{"line":671,"column":null}},"239":{"start":{"line":672,"column":10},"end":{"line":672,"column":null}},"240":{"start":{"line":673,"column":10},"end":{"line":679,"column":null}},"241":{"start":{"line":674,"column":12},"end":{"line":674,"column":null}},"242":{"start":{"line":675,"column":12},"end":{"line":675,"column":null}},"243":{"start":{"line":676,"column":12},"end":{"line":676,"column":null}},"244":{"start":{"line":678,"column":12},"end":{"line":678,"column":null}},"245":{"start":{"line":680,"column":27},"end":{"line":680,"column":null}},"246":{"start":{"line":681,"column":10},"end":{"line":685,"column":null}},"247":{"start":{"line":682,"column":30},"end":{"line":682,"column":null}},"248":{"start":{"line":683,"column":12},"end":{"line":683,"column":null}},"249":{"start":{"line":684,"column":12},"end":{"line":684,"column":null}},"250":{"start":{"line":687,"column":10},"end":{"line":689,"column":null}},"251":{"start":{"line":688,"column":12},"end":{"line":688,"column":null}},"252":{"start":{"line":690,"column":10},"end":{"line":690,"column":null}},"253":{"start":{"line":691,"column":10},"end":{"line":691,"column":null}},"254":{"start":{"line":693,"column":8},"end":{"line":696,"column":null}},"255":{"start":{"line":694,"column":10},"end":{"line":694,"column":null}},"256":{"start":{"line":695,"column":10},"end":{"line":695,"column":null}},"257":{"start":{"line":695,"column":40},"end":{"line":695,"column":null}},"258":{"start":{"line":698,"column":8},"end":{"line":698,"column":null}},"259":{"start":{"line":698,"column":42},"end":{"line":698,"column":null}},"260":{"start":{"line":699,"column":8},"end":{"line":701,"column":null}},"261":{"start":{"line":700,"column":10},"end":{"line":700,"column":null}},"262":{"start":{"line":702,"column":8},"end":{"line":702,"column":null}},"263":{"start":{"line":704,"column":8},"end":{"line":708,"column":null}},"264":{"start":{"line":705,"column":28},"end":{"line":705,"column":null}},"265":{"start":{"line":706,"column":10},"end":{"line":706,"column":null}},"266":{"start":{"line":707,"column":10},"end":{"line":707,"column":null}},"267":{"start":{"line":710,"column":6},"end":{"line":724,"column":null}},"268":{"start":{"line":712,"column":8},"end":{"line":712,"column":null}},"269":{"start":{"line":712,"column":42},"end":{"line":712,"column":null}},"270":{"start":{"line":715,"column":8},"end":{"line":715,"column":null}},"271":{"start":{"line":716,"column":8},"end":{"line":716,"column":null}},"272":{"start":{"line":717,"column":8},"end":{"line":721,"column":null}},"273":{"start":{"line":719,"column":10},"end":{"line":719,"column":null}},"274":{"start":{"line":720,"column":10},"end":{"line":720,"column":null}},"275":{"start":{"line":722,"column":8},"end":{"line":722,"column":null}},"276":{"start":{"line":723,"column":8},"end":{"line":723,"column":null}},"277":{"start":{"line":723,"column":23},"end":{"line":723,"column":null}},"278":{"start":{"line":727,"column":4},"end":{"line":727,"column":null}},"279":{"start":{"line":728,"column":4},"end":{"line":734,"column":null}},"280":{"start":{"line":729,"column":6},"end":{"line":729,"column":null}},"281":{"start":{"line":730,"column":6},"end":{"line":730,"column":null}},"282":{"start":{"line":730,"column":36},"end":{"line":730,"column":null}},"283":{"start":{"line":731,"column":21},"end":{"line":731,"column":null}},"284":{"start":{"line":732,"column":6},"end":{"line":732,"column":null}},"285":{"start":{"line":733,"column":6},"end":{"line":733,"column":null}},"286":{"start":{"line":737,"column":2},"end":{"line":824,"column":null}},"287":{"start":{"line":743,"column":6},"end":{"line":
[...]
10":{"start":{"line":21,"column":4},"end":{"line":21,"column":null}},"11":{"start":{"line":21,"column":22},"end":{"line":21,"column":null}},"12":{"start":{"line":22,"column":4},"end":{"line":22,"column":null}},"13":{"start":{"line":22,"column":24},"end":{"line":22,"column":null}},"14":{"start":{"line":23,"column":4},"end":{"line":26,"column":null}},"15":{"start":{"line":24,"column":6},"end":{"line":24,"column":null}},"16":{"start":{"line":25,"column":6},"end":{"line":25,"column":null}},"17":{"start":{"line":25,"column":70},"end":{"line":25,"column":null}},"18":{"start":{"line":27,"column":4},"end":{"line":33,"column":null}},"19":{"start":{"line":28,"column":6},"end":{"line":28,"column":null}},"20":{"start":{"line":29,"column":6},"end":{"line":32,"column":null}},"21":{"start":{"line":30,"column":8},"end":{"line":31,"column":null}},"22":{"start":{"line":30,"column":27},"end":{"line":30,"column":null}},"23":{"start":{"line":31,"column":13},"end":{"line":31,"column":null}},"24":{"start":{"line":34,"column":4},"end":{"line":37,"column":null}},"25":{"start":{"line":35,"column":6},"end":{"line":35,"column":null}},"26":{"start":{"line":36,"column":6},"end":{"line":36,"column":null}},"27":{"start":{"line":36,"column":66},"end":{"line":36,"column":null}},"28":{"start":{"line":38,"column":4},"end":{"line":41,"column":null}},"29":{"start":{"line":39,"column":6},"end":{"line":39,"column":null}},"30":{"start":{"line":40,"column":6},"end":{"line":40,"column":null}},"31":{"start":{"line":40,"column":70},"end":{"line":40,"column":null}},"32":{"start":{"line":42,"column":20},"end":{"line":42,"column":null}},"33":{"start":{"line":43,"column":4},"end":{"line":43,"column":null}},"34":{"start":{"line":43,"column":17},"end":{"line":43,"column":null}},"35":{"start":{"line":46,"column":4},"end":{"line":46,"column":null}},"36":{"start":{"line":50,"column":2},"end":{"line":66,"column":null}},"37":{"start":{"line":51,"column":19},"end":{"line":51,"column":null}},"38":{"start":{"line":52,"column":4},"end":{"line":59,"column":null}},"39":{"start":{"line":54,"column":6},"end":{"line":56,"column":null}},"40":{"start":{"line":55,"column":8},"end":{"line":55,"column":null}},"41":{"start":{"line":58,"column":6},"end":{"line":58,"column":null}},"42":{"start":{"line":61,"column":4},"end":{"line":63,"column":null}},"43":{"start":{"line":62,"column":6},"end":{"line":62,"column":null}},"44":{"start":{"line":70,"column":2},"end":{"line":111,"column":null}},"45":{"start":{"line":71,"column":21},"end":{"line":71,"column":null}},"46":{"start":{"line":72,"column":28},"end":{"line":72,"column":null}},"47":{"start":{"line":73,"column":27},"end":{"line":73,"column":null}},"48":{"start":{"line":75,"column":4},"end":{"line":85,"column":null}},"49":{"start":{"line":75,"column":17},"end":{"line":75,"column":20}},"50":{"start":{"line":76,"column":6},"end":{"line":76,"column":null}},"51":{"start":{"line":76,"column":34},"end":{"line":76,"column":null}},"52":{"start":{"line":77,"column":6},"end":{"line":84,"column":null}},"53":{"start":{"line":78,"column":8},"end":{"line":78,"column":null}},"54":{"start":{"line":79,"column":8},"end":{"line":79,"column":null}},"55":{"start":{"line":80,"column":8},"end":{"line":83,"column":null}},"56":{"start":{"line":81,"column":10},"end":{"line":81,"column":null}},"57":{"start":{"line":82,"column":10},"end":{"line":82,"column":null}},"58":{"start":{"line":88,"column":4},"end":{"line":94,"column":null}},"59":{"start":{"line":89,"column":24},"end":{"line":89,"column":null}},"60":{"start":{"line":90,"column":21},"end":{"line":90,"column":null}},"61":{"start":{"line":91,"column":6},"end":{"line":93,"column":null}},"62":{"start":{"line":92,"column":8},"end":{"line":92,"column":null}},"63":{"start":{"line":98,"column":4},"end":{"line":108,"column":null}},"64":{"start":{"line":99,"column":24},"end":{"line":99,"column":null}},"65":{"start":{"line":100,"column":6},"end":{"line":107,"column":null}},"66":{"start":{"line":101,"column":23},"end":{"line":101,"column":null}},"67":{"start":{"line":102,"column":8},"end":{"line":104,"column":null}},"68":{"start":{"line":103,"column":10},"end":{"line":103,"column":null}},"69":{"start":{"line":113,"column":2},"end":{"line":113,"column":null}}},"fnMap":{"0":{"name":"getFormattedToolOutput","decl":{"start":{"line":8,"column":16},"end":{"line":8,"column":39}},"loc":{"start":{"line":8,"column":75},"end":{"line":114,"column":null}},"line":8},"1":{"name":"(anonymous_1)","decl":{"start":{"line":17,"column":8},"end":{"line":17,"column":30}},"loc":{"start":{"line":17,"column":86},"end":{"line":47,"column":null}},"line":17}},"branchMap":{"0":{"loc":{"start":{"line":12,"column":2},"end":{"line":14,"column":null}},"type":"if","locations":[{"start":{"line":12,"column":2},"end":{"line":14,"column":null}},{"start":{},"end":{}}],"line":12},"1":{"loc":{"start":{"line":19,"column":4},"end":{"line":19,"column":null}},"type":"if","locations":[{"start":{"line":19,"column":4},"end":{"line":19,"column":null}},{"start":{},"end":{}}],"line":19},"2":{"loc":{"start":{"line":20,"column":4},"end":{"line":20,"column":null}},"type":"if","locations":[{"start":{"line":20,"column":4},"end":{"line":20,"column":null}},{"start":{},"end":{}}],"line":20},"3":{"loc":{"start":{"line":21,"column":4},"end":{"line":21,"column":null}},"type":"if","locations":[{"start":{"line":21,"column":4},"end":{"line":21,"column":null}},{"start":{},"end":{}}],"line":21},"4":{"loc":{"start":{"line":22,"column":4},"end":{"line":22,"column":null}},"type":"if","locations":[{"start":{"line":22,"column":4},"end":{"line":22,"column":null}},{"start":{},"end":{}}],"line":22},"5":{"loc":{"start":{"line":23,"column":4},"end":{"line":26,"column":null}},"type":"if","locations":[{"start":{"line":23,"column":4},"end":{"line":26,"column":null}},{"start":{},"end":{}}],"line":23},"6":{"loc":{"start":{"line":23,"column":8},"end":{"line":23,"column":80}},"type":"binary-expr","locations":[{"start":{"line":23,"column":8},"end":{"line":23,"column":47}},{"start":{"line":23,"column":47},"end":{"line":23,"column":80}}],"line":23},"7":{"loc":{"start":{"line":27,"column":4},"end":{"line":33,"column":null}},"type":"if","locations":[{"start":{"line":27,"column":4},"end":{"line":33,"column":null}},{"start":{},"end":{}}],"line":27},"8":{"loc":{"start":{"line":27,"column":8},"end":{"line":27,"column":88}},"type":"binary-expr","locations":[{"start":{"line":27,"column":8},"end":{"line":27,"column":51}},{"start":{"line":27,"column":51},"end":{"line":27,"column":88}}],"line":27},"9":{"loc":{"start":{"line":30,"column":8},"end":{"line":31,"column":null}},"type":"if","locations":[{"start":{"line":30,"column":8},"end":{"line":31,"column":null}},{"start":{"line":31,"column":13},"end":{"line":31,"column":null}}],"line":30},"10":{"loc":{"start":{"line":30,"column":12},"end":{"line":30,"column":27}},"type":"binary-expr","locations":[{"start":{"line":30,"column":12},"end":{"line":30,"column":18}},{"start":{"line":30,"column":18},"end":{"line":30,"column":27}}],"line":30},"11":{"loc":{"start":{"line":30,"column":55},"end":{"line":30,"column":91}},"type":"binary-expr","locations":[{"start":{"line":30,"column":55},"end":{"line":30,"column":70}},{"start":{"line":30,"column":70},"end":{"line":30,"column":81}},{"start":{"line":30,"column":81},"end":{"line":30,"column":91}}],"line":30},"12":{"loc":{"start":{"line":34,"column":4},"end":{"line":37,"column":null}},"type":"if","locations":[{"start":{"line":34,"column":4},"end":{"line":37,"column":null}},{"start":{},"end":{}}],"line":34},"13":{"loc":{"start":{"line":34,"column":8},"end":{"line":34,"column":72}},"type":"binary-expr","locations":[{"start":{"line":34,"column":8},"end":{"line":34,"column":43}},{"start":{"line":34,"column":43},"end":{"line":34,"column":72}}],"line":34},"14":{"loc":{"start":{"line":38,"column":4},"end":{"line":41,"column":null}},"type":"if","locations":[{"start":{"line":38,"column":4},"end":{"line":41,"column":null}},{"start":{},"end":{}}],"line":38},"15":{"loc":{"start":{"line":38,"column":8},"end":{"line":38,"column":80}},"type":"binary-expr","locations":[{"start":{"line":38,"column":8},"end":{"line":38,"column":47}},{"start":{"line":38,"column":47},"end":{"line":38,"column":80}}],"line":38},"16":{"loc":{"start":{"line":43,"column":4},"end":{"line":43,"column":null}},"type":"if","locations":[{"start":{"line":43,"column":4},"end":{"line":43,"column":null}},{"start":{},"end":{}}],"line":43},"17":{"loc":{"start":{"line":52,"column":4},"end":{"line":59,"column":null}},"type":"if","locations":[{"start":{"line":52,"column":4},"end":{"line":59,"column":null}},{"start":{},"end":{}}],"line":52},"18":{"loc":{"start":{"line":52,"column":8},"end":{"line":52,"column":46}},"type":"binary-expr","locations":[{"start":{"line":52,"column":8},"end":{"line":52,"column":18}},{"start":{"line":52,"column":18},"end":{"line":52,"column":46}}],"line":52},"19":{"loc":{"start":{"line":54,"column":6},"end":{"line":56,"column":null}},"type":"if","locations":[{"start":{"line":54,"column":6},"end":{"line":56,"column":null}},{"start":{},"end":{}}],"line":54},"20":{"loc":{"start":{"line":61,"column":4},"end":{"line":63,"column":null}},"type":"if","locations":[{"start":{"line":61,"column":4},"end":{"line":63,"column":null}},{"start":{},"end":{}}],"line":61},"21":{"loc":{"start":{"line":76,"column":6},"end":{"line":76,"column":null}},"type":"if","locations":[{"start":{"line":76,"column":6},"end":{"line":76,"column":null}},{"start":{},"end":{}}],"line":76},"22":{"loc":{"start":{"line":77,"column":6},"end":{"line":84,"column":null}},"type":"if","locations":[{"start":{"line":77,"column":6},"end":{"line":84,"column":null}},{"start":{},"end":{}}],"line":77},"23":{"loc":{"start":{"line":80,"column":8},"end":{"line":83,"column":null}},"type":"if","locations":[{"start":{"line":80,"column":8},"end":{"line":83,"column":null}},{"start":{},"end":{}}],"line":80},"24":{"loc":{"start":{"line":88,"column":4},"end":{"line":94,"column":null}},"type":"if","locations":[{"start":{"line":88,"column":4},"end":{"line":94,"column":null}},{"start":{},"end":{}}],"line":88},"25":{"loc":{"start":{"line":91,"column":6},"end":{"line":93,"column":null}},"type":"if","locations":[{"start":{"line":91,"column":6},"end":{"line":93,"column":null}},{"start":{},"end":{}}],"line":91},"26":{"loc":{"start":{"line":91,"column":10},"end":{"line":91,"column":48}},"type":"binary-expr","locations":[{"start":{"line":91,"column":10},"end":{"line":91,"column":20}},{"start":{"line":91,"column":20},"end":{"line":91,"column":48}}],"line":91},"27":{"loc":{"start":{"line":98,"column":4},"end":{"line":108,"column":null}},"type":"if","locations":[{"start":{"line":98,"column":4},"end":{"line":108,"column":null}},{"start":{},"end":{}}],"line":98},"28":{"loc":{"start":{"line":98,"column":8},"end":{"line":98,"column":58}},"type":"binary-expr","locations":[{"start":{"line":98,"column":8},"end":{"line":98,"column":32}},{"start":{"line":98,"column":32},"end":{"line":98,"column":58}}],"line":98},"29":{"loc":{"start":{"line":102,"column":8},"end":{"line":104,"column":null}},"type":"if","locations":[{"start":{"line":102,"column":8},"end":{"line":104,"column":null}},{"start":{},"end":{}}],"line":102},"30":{"loc":{"start":{"line":102,"column":12},"end":{"line":102,"column":50}},"type":"binary-expr","locations":[{"start":{"line":102,"column":12},"end":{"line":102,"column":22}},{"start":{"line":102,"column":22},"end":{"line":102,"column":50}}],"line":102}},"s":{"0":10,"1":10,"2":10,"3":1,"4":10,"5":7,"6":7,"7":2,"8":7,"9":1,"10":7,"11":1,"12":7,"13":1,"14":7,"15":3,"16":3,"17":10,"18":7,"19":1,"20":1,"21":2,"22":2,"23":0,"24":7,"25":1,"26":1,"27":2,"28":7,"29":0,"30":0,"31":0,"32":7,"33":7,"34":6,"35":1,"36":10,"37":10,"38":10,"39":8,"40":1,"41":7,"42":0,"43":0,"44":2,"45":2,"46":2,"47":2,"48":2,"49":2,"50":17,"51":0,"52":17,"53":0,"54":0,"55":0,"56":0,"57":0,"58":2,"59":0,"60":0,"61":0,"62":0,"63":2,"64":0,"65":0,"66":0,"67":0,"68":0,"69":2},"f":{"0":10,"1":7},"b":{"0":[1,9],"1":[2,5],"2":[1,6],"3":[1,6],"4":[1,6],"5":[3,4],"6":[7,3],"7":[1,6],"8":[7,1],"9":[2,0],"10":[2,2],"11":[2,0,0],"12":[1,6],"13":[7,1],"14":[0,7],"15":[7,0],"16":[6,1],"17":[8,2],"18":[10,8],"19":[1,7],"20":[0,0],"21":[0,17],"22":[0,17],"23":[0,0],"24":[0,2],"25":[0,0],"26":[0,0],"27":[0,2],"28":[2,0],"29":[0,0],"30":[0,0]},"meta":{"lastBranch":31,"lastFunction":2,"lastStatement":70,"seen":{"f:8:16:8:39":0,"s:10:20:10:Infinity":0,"s:11:27:11:Infinity":1,"b:12:2:14:Infinity:undefined:undefined:undefined:undefined":0,"s:12:2:14:Infinity":2,"s:13:4:13:Infinity":3,"s:17:8:47:Infinity":4,"f:17:8:17:30":1,"s:18:28:18:Infinity":5,"b:19:4:19:Infinity:undefined:undefined:undefined:undefined":1,"s:19:4:19:Infinity":6,"s:19:21:19:Infinity":7,"b:20:4:20:Infinity:undefined:undefined:undefined:undefined":2,"s:20:4:20:Infinity":8,"s:20:27:20:Infinity":9,"b:21:4:21:Infinity:undefined:undefined:undefined:undefined":3,"s:21:4:21:Infinity":10,"s:21:22:21:Infinity":11,"b:22:4:22:Infinity:undefined:undefined:undefined:undefined":4,"s:22:4:22:Infinity":12,"s:22:24:22:Infinity":13,"b:23:4:26:Infinity:undefined:undefined:undefined:undefined":5,"s:23:4:26:Infinity":14,"b:23:8:23:47:23:47:23:80":6,"s:24:6:24:Infinity":15,"s:25:6:25:Infinity":16,"s:25:70:25:Infinity":17,"b:27:4:33:Infinity:undefined:undefined:undefined:undefined":7,"s:27:4:33:Infinity":18,"b:27:8:27:51:27:51:27:88":8,"s:28:6:28:Infinity":19,"s:29:6:32:Infinity":20,"b:30:8:31:Infinity:31:13:31:Infinity":9,"s:30:8:31:Infinity":21,"b:30:12:30:18:30:18:30:27":10,"s:30:27:30:Infinity":22,"b:30:55:30:70:30:70:30:81:30:81:30:91":11,"s:31:13:31:Infinity":23,"b:34:4:37:Infinity:undefined:undefined:undefined:undefined":12,"s:34:4:37:Infinity":24,"b:34:8:34:43:34:43:34:72":13,"s:35:6:35:Infinity":25,"s:36:6:36:Infinity":26,"s:36:66:36:Infinity":27,"b:38:4:41:Infinity:undefined:undefined:undefined:undefined":14,"s:38:4:41:Infinity":28,"b:38:8:38:47:38:47:38:80":15,"s:39:6:39:Infinity":29,"s:40:6:40:Infinity":30,"s:40:70:40:Infinity":31,"s:42:20:42:Infinity":32,"b:43:4:43:Infinity:undefined:undefined:undefined:undefined":16,"s:43:4:43:Infinity":33,"s:43:17:43:Infinity":34,"s:46:4:46:Infinity":35,"s:50:2:66:Infinity":36,"s:51:19:51:Infinity":37,"b:52:4:59:Infinity:undefined:undefined:undefined:undefined":17,"s:52:4:59:Infinity":38,"b:52:8:52:18:52:18:52:46":18,"b:54:6:56:Infinity:undefined:undefined:undefined:undefined":19,"s:54:6:56:Infinity":39,"s:55:8:55:Infinity":40,"s:58:6:58:Infinity":41,"b:61:4:63:Infinity:undefined:undefined:undefined:undefined":20,"s:61:4:63:Infinity":42,"s:62:6:62:Infinity":43,"s:70:2:111:Infinity":44,"s:71:21:71:Infinity":45,"s:72:28:72:Infinity":46,"s:73:27:73:Infinity":47,"s:75:4:85:Infinity":48,"s:75:17:75:20":49,"b:76:6:76:Infinity:undefined:undefined:undefined:undefined":21,"s:76:6:76:Infinity":50,"s:76:34:76:Infinity":51,"b:77:6:84:Infinity:undefined:undefined:undefined:undefined":22,"s:77:6:84:Infinity":52,"s:78:8:78:Infinity":53,"s:79:8:79:Infinity":54,"b:80:8:83:Infinity:undefined:undefined:undefined:undefined":23,"s:80:8:83:Infinity":55,"s:81:10:81:Infinity":56,"s:82:10:82:Infinity":57,"b:88:4:94:Infinity:undefined:undefined:undefined:undefined":24,"s:88:4:94:Infinity":58,"s:89:24:89:Infinity":59,"s:90:21:90:Infinity":60,"b:91:6:93:Infinity:undefined:undefined:undefined:undefined":25,"s:91:6:93:Infinity":61,"b:91:10:91:20:91:20:91:48":26,"s:92:8:92:Infinity":62,"b:98:4:108:Infinity:undefined:undefined:undefined:undefined":27,"s:98:4:108:Infinity":63,"b:98:8:98:32:98:32:98:58":28,"s:99:24:99:Infinity":64,"s:100:6:107:Infinity":65,"s:101:23:101:Infinity":66,"b:102:8:104:Infinity:undefined:undefined:undefined:undefined":29,"s:102:8:104:Infinity":67,"b:102:12:102:22:102:22:102:50":30,"s:103:10:103:Infinity":68,"s:113:2:113:Infinity":69},"fnNames":{}}}
,"/Users/laurent/Projets/Pi-interface/ui/src/util/workspacePath.ts": {"path":"/Users/laurent/Projets/Pi-interface/ui/src/util/workspacePath.ts","statementMap":{"0":{"start":{"line":8,"column":2},"end":{"line":8,"column":null}},"1":{"start":{"line":18,"column":16},"end":{"line":18,"column":null}},"2":{"start":{"line":19,"column":19},"end":{"line":21,"column":null}},"3":{"start":{"line":22,"column":24},"end":{"line":22,"column":null}},"4":{"start":{"line":23,"column":2},"end":{"line":27,"column":null}},"5":{"start":{"line":24,"column":4},"end":{"line":24,"column":null}},"6":{"start":{"line":24,"column":43},"end":{"line":24,"column":null}},"7":{"start":{"line":25,"column":4},"end":{"line":26,"column":null}},"8":{"start":{"line":25,"column":26},"end":{"line":25,"column":null}},"9":{"start":{"line":26,"column":9},"end":{"line":26,"column":null}},"10":{"start":{"line":28,"column":2},"end":{"line":28,"column":null}},"11":{"start":{"line":33,"column":2},"end":{"line":33,"column":null}},"12":{"start":{"line":43,"column":21},"end":{"line":43,"column":null}},"13":{"start":{"line":44,"column":2},"end":{"line":44,"column":null}}},"fnMap":{"0":{"name":"isExternalRef","decl":{"start":{"line":7,"column":16},"end":{"line":7,"column":30}},"loc":{"start":{"line":7,"column":52},"end":{"line":9,"column":null}},"line":7},"1":{"name":"resolveRelativeHref","decl":{"start":{"line":17,"column":16},"end":{"line":17,"column":36}},"loc":{"start":{"line":17,"column":79},"end":{"line":29,"column":null}},"line":17},"2":{"name":"isImageFile","decl":{"start":{"line":32,"column":16},"end":{"line":32,"column":28}},"loc":{"start":{"line":32,"column":51},"end":{"line":34,"column":null}},"line":32},"3":{"name":"rawFileUrl","decl":{"start":{"line":42,"column":16},"end":{"line":42,"column":27}},"loc":{"start":{"line":42,"column":90},"end":{"line":45,"column":null}},"line":42}},"branchMap":{"0":{"loc":{"start":{"line":8,"column":9},"end":{"line":8,"column":null}},"type":"binary-expr","locations":[{"start":{"line":8,"column":9},"end":{"line":8,"column":45}},{"start":{"line":8,"column":45},"end":{"line":8,"column":null}}],"line":8},"1":{"loc":{"start":{"line":19,"column":19},"end":{"line":21,"column":null}},"type":"cond-expr","locations":[{"start":{"line":20,"column":6},"end":{"line":20,"column":null}},{"start":{"line":21,"column":6},"end":{"line":21,"column":null}}],"line":19},"2":{"loc":{"start":{"line":24,"column":4},"end":{"line":24,"column":null}},"type":"if","locations":[{"start":{"line":24,"column":4},"end":{"line":24,"column":null}},{"start":{},"end":{}}],"line":24},"3":{"loc":{"start":{"line":24,"column":8},"end":{"line":24,"column":43}},"type":"binary-expr","locations":[{"start":{"line":24,"column":8},"end":{"line":24,"column":26}},{"start":{"line":24,"column":26},"end":{"line":24,"column":43}}],"line":24},"4":{"loc":{"start":{"line":25,"column":4},"end":{"line":26,"column":null}},"type":"if","locations":[{"start":{"line":25,"column":4},"end":{"line":26,"column":null}},{"start":{"line":26,"column":9},"end":{"line":26,"column":null}}],"line":25},"5":{"loc":{"start":{"line":43,"column":21},"end":{"line":43,"column":null}},"type":"cond-expr","locations":[{"start":{"line":43,"column":29},"end":{"line":43,"column":69}},{"start":{"line":43,"column":69},"end":{"line":43,"column":null}}],"line":43}},"s":{"0":9,"1":7,"2":7,"3":7,"4":7,"5":23,"6":4,"7":19,"8":3,"9":16,"10":7,"11":12,"12":3,"13":3},"f":{"0":9,"1":7,"2":12,"3":3},"b":{"0":[9,5],"1":[1,6],"2":[4,19],"3":[23,22],"4":[3,16],"5":[1,2]},"meta":{"lastBranch":6,"lastFunction":4,"lastStatement":14,"seen":{"f:7:16:7:30":0,"s:8:2:8:Infinity":0,"b:8:9:8:45:8:45:8:Infinity":0,"f:17:16:17:36":1,"s:18:16:18:Infinity":1,"s:19:19:21:Infinity":2,"b:20:6:20:Infinity:21:6:21:Infinity":1,"s:22:24:22:Infinity":3,"s:23:2:27:Infinity":4,"b:24:4:24:Infinity:undefined:undefined:undefined:undefined":2,"s:24:4:24:Infinity":5,"b:24:8:24:26:24:26:24:43":3,"s:24:43:24:Infinity":6,"b:25:4:26:Infinity:26:9:26:Infinity":4,"s:25:4:26:Infinity":7,"s:25:26:25:Infinity":8,"s:26:9:26:Infinity":9,"s:28:2:28:Infinity":10,"f:32:16:32:28":2,"s:33:2:33:Infinity":11,"f:42:16:42:27":3,"s:43:21:43:Infinity":12,"b:43:29:43:69:43:69:43:Infinity":5,"s:44:2:44:Infinity":13},"fnNames":{}}}
}
